[2024-10-03T18:15:25.567+0000] {taskinstance.py:1157} INFO - Dependencies all met for dep_context=non-requeueable deps ti=<TaskInstance: sparking_flow.python_job manual__2024-10-03T18:15:23.718155+00:00 [queued]>
[2024-10-03T18:15:25.577+0000] {taskinstance.py:1157} INFO - Dependencies all met for dep_context=requeueable deps ti=<TaskInstance: sparking_flow.python_job manual__2024-10-03T18:15:23.718155+00:00 [queued]>
[2024-10-03T18:15:25.577+0000] {taskinstance.py:1359} INFO - Starting attempt 1 of 1
[2024-10-03T18:15:25.591+0000] {taskinstance.py:1380} INFO - Executing <Task(SparkSubmitOperator): python_job> on 2024-10-03 18:15:23.718155+00:00
[2024-10-03T18:15:25.596+0000] {standard_task_runner.py:57} INFO - Started process 361 to run task
[2024-10-03T18:15:25.598+0000] {standard_task_runner.py:84} INFO - Running: ['***', 'tasks', 'run', 'sparking_flow', 'python_job', 'manual__2024-10-03T18:15:23.718155+00:00', '--job-id', '7', '--raw', '--subdir', 'DAGS_FOLDER/spark_***.py', '--cfg-path', '/tmp/tmp0j20smjv']
[2024-10-03T18:15:25.601+0000] {standard_task_runner.py:85} INFO - Job 7: Subtask python_job
[2024-10-03T18:15:25.646+0000] {task_command.py:415} INFO - Running <TaskInstance: sparking_flow.python_job manual__2024-10-03T18:15:23.718155+00:00 [running]> on host 2b69184a959f
[2024-10-03T18:15:25.714+0000] {taskinstance.py:1660} INFO - Exporting env vars: AIRFLOW_CTX_DAG_OWNER='Yusuf Ganiyu' AIRFLOW_CTX_DAG_ID='sparking_flow' AIRFLOW_CTX_TASK_ID='python_job' AIRFLOW_CTX_EXECUTION_DATE='2024-10-03T18:15:23.718155+00:00' AIRFLOW_CTX_TRY_NUMBER='1' AIRFLOW_CTX_DAG_RUN_ID='manual__2024-10-03T18:15:23.718155+00:00'
[2024-10-03T18:15:25.723+0000] {base.py:73} INFO - Using connection ID 'spark-conn' for task execution.
[2024-10-03T18:15:25.724+0000] {spark_submit.py:403} INFO - Spark-Submit cmd: spark-submit --master spark://spark-master:7077 --name arrow-spark --deploy-mode client jobs/python/wordcountjob.py
[2024-10-03T18:15:25.812+0000] {spark_submit.py:579} INFO - /home/***/.local/lib/python3.11/site-packages/pyspark/bin/load-spark-env.sh: line 68: ps: command not found
[2024-10-03T18:15:28.981+0000] {spark_submit.py:579} INFO - 24/10/03 18:15:28 INFO SparkContext: Running Spark version 3.3.2
[2024-10-03T18:15:29.062+0000] {spark_submit.py:579} INFO - 24/10/03 18:15:29 WARN NativeCodeLoader: Unable to load native-hadoop library for your platform... using builtin-java classes where applicable
[2024-10-03T18:15:29.161+0000] {spark_submit.py:579} INFO - 24/10/03 18:15:29 INFO ResourceUtils: ==============================================================
[2024-10-03T18:15:29.162+0000] {spark_submit.py:579} INFO - 24/10/03 18:15:29 INFO ResourceUtils: No custom resources configured for spark.driver.
[2024-10-03T18:15:29.163+0000] {spark_submit.py:579} INFO - 24/10/03 18:15:29 INFO ResourceUtils: ==============================================================
[2024-10-03T18:15:29.164+0000] {spark_submit.py:579} INFO - 24/10/03 18:15:29 INFO SparkContext: Submitted application: PythonWordCount
[2024-10-03T18:15:29.190+0000] {spark_submit.py:579} INFO - 24/10/03 18:15:29 INFO ResourceProfile: Default ResourceProfile created, executor resources: Map(cores -> name: cores, amount: 1, script: , vendor: , memory -> name: memory, amount: 1024, script: , vendor: , offHeap -> name: offHeap, amount: 0, script: , vendor: ), task resources: Map(cpus -> name: cpus, amount: 1.0)
[2024-10-03T18:15:29.203+0000] {spark_submit.py:579} INFO - 24/10/03 18:15:29 INFO ResourceProfile: Limiting resource is cpu
[2024-10-03T18:15:29.204+0000] {spark_submit.py:579} INFO - 24/10/03 18:15:29 INFO ResourceProfileManager: Added ResourceProfile id: 0
[2024-10-03T18:15:29.255+0000] {spark_submit.py:579} INFO - 24/10/03 18:15:29 INFO SecurityManager: Changing view acls to: ***
[2024-10-03T18:15:29.256+0000] {spark_submit.py:579} INFO - 24/10/03 18:15:29 INFO SecurityManager: Changing modify acls to: ***
[2024-10-03T18:15:29.257+0000] {spark_submit.py:579} INFO - 24/10/03 18:15:29 INFO SecurityManager: Changing view acls groups to:
[2024-10-03T18:15:29.257+0000] {spark_submit.py:579} INFO - 24/10/03 18:15:29 INFO SecurityManager: Changing modify acls groups to:
[2024-10-03T18:15:29.258+0000] {spark_submit.py:579} INFO - 24/10/03 18:15:29 INFO SecurityManager: SecurityManager: authentication disabled; ui acls disabled; users  with view permissions: Set(***); groups with view permissions: Set(); users  with modify permissions: Set(***); groups with modify permissions: Set()
[2024-10-03T18:15:29.542+0000] {spark_submit.py:579} INFO - 24/10/03 18:15:29 INFO Utils: Successfully started service 'sparkDriver' on port 43717.
[2024-10-03T18:15:29.570+0000] {spark_submit.py:579} INFO - 24/10/03 18:15:29 INFO SparkEnv: Registering MapOutputTracker
[2024-10-03T18:15:29.605+0000] {spark_submit.py:579} INFO - 24/10/03 18:15:29 INFO SparkEnv: Registering BlockManagerMaster
[2024-10-03T18:15:29.628+0000] {spark_submit.py:579} INFO - 24/10/03 18:15:29 INFO BlockManagerMasterEndpoint: Using org.apache.spark.storage.DefaultTopologyMapper for getting topology information
[2024-10-03T18:15:29.630+0000] {spark_submit.py:579} INFO - 24/10/03 18:15:29 INFO BlockManagerMasterEndpoint: BlockManagerMasterEndpoint up
[2024-10-03T18:15:29.635+0000] {spark_submit.py:579} INFO - 24/10/03 18:15:29 INFO SparkEnv: Registering BlockManagerMasterHeartbeat
[2024-10-03T18:15:29.659+0000] {spark_submit.py:579} INFO - 24/10/03 18:15:29 INFO DiskBlockManager: Created local directory at /tmp/blockmgr-76cea3ee-aa65-4776-b2e0-19842f1c2ec4
[2024-10-03T18:15:29.676+0000] {spark_submit.py:579} INFO - 24/10/03 18:15:29 INFO MemoryStore: MemoryStore started with capacity 434.4 MiB
[2024-10-03T18:15:29.695+0000] {spark_submit.py:579} INFO - 24/10/03 18:15:29 INFO SparkEnv: Registering OutputCommitCoordinator
[2024-10-03T18:15:29.916+0000] {spark_submit.py:579} INFO - 24/10/03 18:15:29 INFO Utils: Successfully started service 'SparkUI' on port 4040.
[2024-10-03T18:15:30.026+0000] {spark_submit.py:579} INFO - 24/10/03 18:15:30 INFO StandaloneAppClient$ClientEndpoint: Connecting to master spark://spark-master:7077...
[2024-10-03T18:15:30.095+0000] {spark_submit.py:579} INFO - 24/10/03 18:15:30 INFO TransportClientFactory: Successfully created connection to spark-master/172.18.0.3:7077 after 43 ms (0 ms spent in bootstraps)
[2024-10-03T18:15:30.259+0000] {spark_submit.py:579} INFO - 24/10/03 18:15:30 INFO StandaloneSchedulerBackend: Connected to Spark cluster with app ID app-20241003181530-0000
[2024-10-03T18:15:30.274+0000] {spark_submit.py:579} INFO - 24/10/03 18:15:30 INFO Utils: Successfully started service 'org.apache.spark.network.netty.NettyBlockTransferService' on port 40259.
[2024-10-03T18:15:30.274+0000] {spark_submit.py:579} INFO - 24/10/03 18:15:30 INFO NettyBlockTransferService: Server created on 2b69184a959f:40259
[2024-10-03T18:15:30.277+0000] {spark_submit.py:579} INFO - 24/10/03 18:15:30 INFO BlockManager: Using org.apache.spark.storage.RandomBlockReplicationPolicy for block replication policy
[2024-10-03T18:15:30.287+0000] {spark_submit.py:579} INFO - 24/10/03 18:15:30 INFO BlockManagerMaster: Registering BlockManager BlockManagerId(driver, 2b69184a959f, 40259, None)
[2024-10-03T18:15:30.293+0000] {spark_submit.py:579} INFO - 24/10/03 18:15:30 INFO BlockManagerMasterEndpoint: Registering block manager 2b69184a959f:40259 with 434.4 MiB RAM, BlockManagerId(driver, 2b69184a959f, 40259, None)
[2024-10-03T18:15:30.294+0000] {spark_submit.py:579} INFO - 24/10/03 18:15:30 INFO StandaloneAppClient$ClientEndpoint: Executor added: app-20241003181530-0000/0 on worker-20241003181139-172.18.0.6-38389 (172.18.0.6:38389) with 2 core(s)
[2024-10-03T18:15:30.297+0000] {spark_submit.py:579} INFO - 24/10/03 18:15:30 INFO BlockManagerMaster: Registered BlockManager BlockManagerId(driver, 2b69184a959f, 40259, None)
[2024-10-03T18:15:30.298+0000] {spark_submit.py:579} INFO - 24/10/03 18:15:30 INFO StandaloneSchedulerBackend: Granted executor ID app-20241003181530-0000/0 on hostPort 172.18.0.6:38389 with 2 core(s), 1024.0 MiB RAM
[2024-10-03T18:15:30.299+0000] {spark_submit.py:579} INFO - 24/10/03 18:15:30 INFO BlockManager: Initialized BlockManager: BlockManagerId(driver, 2b69184a959f, 40259, None)
[2024-10-03T18:15:30.493+0000] {spark_submit.py:579} INFO - 24/10/03 18:15:30 INFO StandaloneAppClient$ClientEndpoint: Executor updated: app-20241003181530-0000/0 is now RUNNING
[2024-10-03T18:15:30.720+0000] {spark_submit.py:579} INFO - 24/10/03 18:15:30 INFO StandaloneSchedulerBackend: SchedulerBackend is ready for scheduling beginning after reached minRegisteredResourcesRatio: 0.0
[2024-10-03T18:15:31.410+0000] {spark_submit.py:579} INFO - Traceback (most recent call last):
[2024-10-03T18:15:31.411+0000] {spark_submit.py:579} INFO - File "/home/***/.local/lib/python3.11/site-packages/pyspark/python/lib/pyspark.zip/pyspark/serializers.py", line 458, in dumps
[2024-10-03T18:15:31.412+0000] {spark_submit.py:579} INFO - return cloudpickle.dumps(obj, pickle_protocol)
[2024-10-03T18:15:31.412+0000] {spark_submit.py:579} INFO - ^^^^^^^^^^^^^^^^^^^^^^^^^^^^^^^^^^^^^^^
[2024-10-03T18:15:31.412+0000] {spark_submit.py:579} INFO - File "/home/***/.local/lib/python3.11/site-packages/pyspark/python/lib/pyspark.zip/pyspark/cloudpickle/cloudpickle_fast.py", line 73, in dumps
[2024-10-03T18:15:31.413+0000] {spark_submit.py:579} INFO - cp.dump(obj)
[2024-10-03T18:15:31.414+0000] {spark_submit.py:579} INFO - File "/home/***/.local/lib/python3.11/site-packages/pyspark/python/lib/pyspark.zip/pyspark/cloudpickle/cloudpickle_fast.py", line 602, in dump
[2024-10-03T18:15:31.414+0000] {spark_submit.py:579} INFO - return Pickler.dump(self, obj)
[2024-10-03T18:15:31.415+0000] {spark_submit.py:579} INFO - ^^^^^^^^^^^^^^^^^^^^^^^
[2024-10-03T18:15:31.415+0000] {spark_submit.py:579} INFO - File "/home/***/.local/lib/python3.11/site-packages/pyspark/python/lib/pyspark.zip/pyspark/cloudpickle/cloudpickle_fast.py", line 692, in reducer_override
[2024-10-03T18:15:31.416+0000] {spark_submit.py:579} INFO - return self._function_reduce(obj)
[2024-10-03T18:15:31.416+0000] {spark_submit.py:579} INFO - ^^^^^^^^^^^^^^^^^^^^^^^^^^
[2024-10-03T18:15:31.416+0000] {spark_submit.py:579} INFO - File "/home/***/.local/lib/python3.11/site-packages/pyspark/python/lib/pyspark.zip/pyspark/cloudpickle/cloudpickle_fast.py", line 565, in _function_reduce
[2024-10-03T18:15:31.417+0000] {spark_submit.py:579} INFO - return self._dynamic_function_reduce(obj)
[2024-10-03T18:15:31.417+0000] {spark_submit.py:579} INFO - ^^^^^^^^^^^^^^^^^^^^^^^^^^^^^^^^^^
[2024-10-03T18:15:31.418+0000] {spark_submit.py:579} INFO - File "/home/***/.local/lib/python3.11/site-packages/pyspark/python/lib/pyspark.zip/pyspark/cloudpickle/cloudpickle_fast.py", line 546, in _dynamic_function_reduce
[2024-10-03T18:15:31.418+0000] {spark_submit.py:579} INFO - state = _function_getstate(func)
[2024-10-03T18:15:31.419+0000] {spark_submit.py:579} INFO - ^^^^^^^^^^^^^^^^^^^^^^^^
[2024-10-03T18:15:31.419+0000] {spark_submit.py:579} INFO - File "/home/***/.local/lib/python3.11/site-packages/pyspark/python/lib/pyspark.zip/pyspark/cloudpickle/cloudpickle_fast.py", line 157, in _function_getstate
[2024-10-03T18:15:31.420+0000] {spark_submit.py:579} INFO - f_globals_ref = _extract_code_globals(func.__code__)
[2024-10-03T18:15:31.421+0000] {spark_submit.py:579} INFO - ^^^^^^^^^^^^^^^^^^^^^^^^^^^^^^^^^^^^
[2024-10-03T18:15:31.421+0000] {spark_submit.py:579} INFO - File "/home/***/.local/lib/python3.11/site-packages/pyspark/python/lib/pyspark.zip/pyspark/cloudpickle/cloudpickle.py", line 334, in _extract_code_globals
[2024-10-03T18:15:31.422+0000] {spark_submit.py:579} INFO - out_names = {names[oparg]: None for _, oparg in _walk_global_ops(co)}
[2024-10-03T18:15:31.422+0000] {spark_submit.py:579} INFO - ^^^^^^^^^^^^^^^^^^^^^^^^^^^^^^^^^^^^^^^^^^^^^^^^^^^^^^^^^
[2024-10-03T18:15:31.423+0000] {spark_submit.py:579} INFO - File "/home/***/.local/lib/python3.11/site-packages/pyspark/python/lib/pyspark.zip/pyspark/cloudpickle/cloudpickle.py", line 334, in <dictcomp>
[2024-10-03T18:15:31.423+0000] {spark_submit.py:579} INFO - out_names = {names[oparg]: None for _, oparg in _walk_global_ops(co)}
[2024-10-03T18:15:31.424+0000] {spark_submit.py:579} INFO - ~~~~~^^^^^^^
[2024-10-03T18:15:31.424+0000] {spark_submit.py:579} INFO - IndexError: tuple index out of range
[2024-10-03T18:15:31.425+0000] {spark_submit.py:579} INFO - Traceback (most recent call last):
[2024-10-03T18:15:31.425+0000] {spark_submit.py:579} INFO - File "/home/***/.local/lib/python3.11/site-packages/pyspark/python/lib/pyspark.zip/pyspark/serializers.py", line 458, in dumps
[2024-10-03T18:15:31.426+0000] {spark_submit.py:579} INFO - File "/home/***/.local/lib/python3.11/site-packages/pyspark/python/lib/pyspark.zip/pyspark/cloudpickle/cloudpickle_fast.py", line 73, in dumps
[2024-10-03T18:15:31.426+0000] {spark_submit.py:579} INFO - File "/home/***/.local/lib/python3.11/site-packages/pyspark/python/lib/pyspark.zip/pyspark/cloudpickle/cloudpickle_fast.py", line 602, in dump
[2024-10-03T18:15:31.427+0000] {spark_submit.py:579} INFO - File "/home/***/.local/lib/python3.11/site-packages/pyspark/python/lib/pyspark.zip/pyspark/cloudpickle/cloudpickle_fast.py", line 692, in reducer_override
[2024-10-03T18:15:31.427+0000] {spark_submit.py:579} INFO - File "/home/***/.local/lib/python3.11/site-packages/pyspark/python/lib/pyspark.zip/pyspark/cloudpickle/cloudpickle_fast.py", line 565, in _function_reduce
[2024-10-03T18:15:31.428+0000] {spark_submit.py:579} INFO - File "/home/***/.local/lib/python3.11/site-packages/pyspark/python/lib/pyspark.zip/pyspark/cloudpickle/cloudpickle_fast.py", line 546, in _dynamic_function_reduce
[2024-10-03T18:15:31.429+0000] {spark_submit.py:579} INFO - File "/home/***/.local/lib/python3.11/site-packages/pyspark/python/lib/pyspark.zip/pyspark/cloudpickle/cloudpickle_fast.py", line 157, in _function_getstate
[2024-10-03T18:15:31.429+0000] {spark_submit.py:579} INFO - File "/home/***/.local/lib/python3.11/site-packages/pyspark/python/lib/pyspark.zip/pyspark/cloudpickle/cloudpickle.py", line 334, in _extract_code_globals
[2024-10-03T18:15:31.430+0000] {spark_submit.py:579} INFO - File "/home/***/.local/lib/python3.11/site-packages/pyspark/python/lib/pyspark.zip/pyspark/cloudpickle/cloudpickle.py", line 334, in <dictcomp>
[2024-10-03T18:15:31.430+0000] {spark_submit.py:579} INFO - IndexError: tuple index out of range
[2024-10-03T18:15:31.430+0000] {spark_submit.py:579} INFO - 
[2024-10-03T18:15:31.431+0000] {spark_submit.py:579} INFO - During handling of the above exception, another exception occurred:
[2024-10-03T18:15:31.431+0000] {spark_submit.py:579} INFO - 
[2024-10-03T18:15:31.432+0000] {spark_submit.py:579} INFO - Traceback (most recent call last):
[2024-10-03T18:15:31.432+0000] {spark_submit.py:579} INFO - File "/opt/***/jobs/python/wordcountjob.py", line 9, in <module>
[2024-10-03T18:15:31.433+0000] {spark_submit.py:579} INFO - wordCounts = words.map(lambda word: (word, 1)).reduceByKey(lambda a, b: a + b)
[2024-10-03T18:15:31.433+0000] {spark_submit.py:579} INFO - ^^^^^^^^^^^^^^^^^^^^^^^^^^^^^^^^^^^^^^^^^^^^^^^^^^^^^^^^^^^^^^^^^
[2024-10-03T18:15:31.434+0000] {spark_submit.py:579} INFO - File "/home/***/.local/lib/python3.11/site-packages/pyspark/python/lib/pyspark.zip/pyspark/rdd.py", line 2275, in reduceByKey
[2024-10-03T18:15:31.435+0000] {spark_submit.py:579} INFO - File "/home/***/.local/lib/python3.11/site-packages/pyspark/python/lib/pyspark.zip/pyspark/rdd.py", line 2558, in combineByKey
[2024-10-03T18:15:31.435+0000] {spark_submit.py:579} INFO - File "/home/***/.local/lib/python3.11/site-packages/pyspark/python/lib/pyspark.zip/pyspark/rdd.py", line 2486, in partitionBy
[2024-10-03T18:15:31.436+0000] {spark_submit.py:579} INFO - File "/home/***/.local/lib/python3.11/site-packages/pyspark/python/lib/pyspark.zip/pyspark/rdd.py", line 3505, in _jrdd
[2024-10-03T18:15:31.437+0000] {spark_submit.py:579} INFO - File "/home/***/.local/lib/python3.11/site-packages/pyspark/python/lib/pyspark.zip/pyspark/rdd.py", line 3362, in _wrap_function
[2024-10-03T18:15:31.437+0000] {spark_submit.py:579} INFO - File "/home/***/.local/lib/python3.11/site-packages/pyspark/python/lib/pyspark.zip/pyspark/rdd.py", line 3345, in _prepare_for_python_RDD
[2024-10-03T18:15:31.438+0000] {spark_submit.py:579} INFO - File "/home/***/.local/lib/python3.11/site-packages/pyspark/python/lib/pyspark.zip/pyspark/serializers.py", line 468, in dumps
[2024-10-03T18:15:31.439+0000] {spark_submit.py:579} INFO - _pickle.PicklingError: Could not serialize object: IndexError: tuple index out of range
[2024-10-03T18:15:31.520+0000] {spark_submit.py:579} INFO - 24/10/03 18:15:31 INFO SparkContext: Invoking stop() from shutdown hook
[2024-10-03T18:15:31.536+0000] {spark_submit.py:579} INFO - 24/10/03 18:15:31 INFO SparkUI: Stopped Spark web UI at http://2b69184a959f:4040
[2024-10-03T18:15:31.544+0000] {spark_submit.py:579} INFO - 24/10/03 18:15:31 INFO StandaloneSchedulerBackend: Shutting down all executors
[2024-10-03T18:15:31.549+0000] {spark_submit.py:579} INFO - 24/10/03 18:15:31 INFO CoarseGrainedSchedulerBackend$DriverEndpoint: Asking each executor to shut down
[2024-10-03T18:15:31.571+0000] {spark_submit.py:579} INFO - 24/10/03 18:15:31 INFO MapOutputTrackerMasterEndpoint: MapOutputTrackerMasterEndpoint stopped!
[2024-10-03T18:15:31.598+0000] {spark_submit.py:579} INFO - 24/10/03 18:15:31 INFO MemoryStore: MemoryStore cleared
[2024-10-03T18:15:31.598+0000] {spark_submit.py:579} INFO - 24/10/03 18:15:31 INFO BlockManager: BlockManager stopped
[2024-10-03T18:15:31.604+0000] {spark_submit.py:579} INFO - 24/10/03 18:15:31 INFO BlockManagerMaster: BlockManagerMaster stopped
[2024-10-03T18:15:31.607+0000] {spark_submit.py:579} INFO - 24/10/03 18:15:31 INFO OutputCommitCoordinator$OutputCommitCoordinatorEndpoint: OutputCommitCoordinator stopped!
[2024-10-03T18:15:31.622+0000] {spark_submit.py:579} INFO - 24/10/03 18:15:31 INFO SparkContext: Successfully stopped SparkContext
[2024-10-03T18:15:31.623+0000] {spark_submit.py:579} INFO - 24/10/03 18:15:31 INFO ShutdownHookManager: Shutdown hook called
[2024-10-03T18:15:31.624+0000] {spark_submit.py:579} INFO - 24/10/03 18:15:31 INFO ShutdownHookManager: Deleting directory /tmp/spark-3af25e68-5352-4179-aab1-a07d3f54eb51/pyspark-c855b2c0-6d39-4b42-82f4-26f8de2377ae
[2024-10-03T18:15:31.628+0000] {spark_submit.py:579} INFO - 24/10/03 18:15:31 INFO ShutdownHookManager: Deleting directory /tmp/spark-3af25e68-5352-4179-aab1-a07d3f54eb51
[2024-10-03T18:15:31.633+0000] {spark_submit.py:579} INFO - 24/10/03 18:15:31 INFO ShutdownHookManager: Deleting directory /tmp/spark-26f8e7d0-3dc8-4d96-af15-0be66459d9f4
[2024-10-03T18:15:31.680+0000] {taskinstance.py:1935} ERROR - Task failed with exception
Traceback (most recent call last):
  File "/home/airflow/.local/lib/python3.11/site-packages/airflow/providers/apache/spark/operators/spark_submit.py", line 174, in execute
    self._hook.submit(self.application)
  File "/home/airflow/.local/lib/python3.11/site-packages/airflow/providers/apache/spark/hooks/spark_submit.py", line 505, in submit
    raise AirflowException(
airflow.exceptions.AirflowException: Cannot execute: spark-submit --master spark://spark-master:7077 --name arrow-spark --deploy-mode client jobs/python/wordcountjob.py. Error code is: 1.
[2024-10-03T18:15:31.684+0000] {taskinstance.py:1398} INFO - Marking task as FAILED. dag_id=sparking_flow, task_id=python_job, execution_date=20241003T181523, start_date=20241003T181525, end_date=20241003T181531
[2024-10-03T18:15:31.696+0000] {standard_task_runner.py:104} ERROR - Failed to execute job 7 for task python_job (Cannot execute: spark-submit --master spark://spark-master:7077 --name arrow-spark --deploy-mode client jobs/python/wordcountjob.py. Error code is: 1.; 361)
[2024-10-03T18:15:31.726+0000] {local_task_job_runner.py:228} INFO - Task exited with return code 1
[2024-10-03T18:15:31.745+0000] {taskinstance.py:2776} INFO - 0 downstream tasks scheduled from follow-on schedule check
