[2024-10-11T15:00:44.008+0000] {taskinstance.py:1157} INFO - Dependencies all met for dep_context=non-requeueable deps ti=<TaskInstance: ratings_taksk_clean.rating_cleaned_test manual__2024-10-11T14:55:35.410043+00:00 [queued]>
[2024-10-11T15:00:44.016+0000] {taskinstance.py:1157} INFO - Dependencies all met for dep_context=requeueable deps ti=<TaskInstance: ratings_taksk_clean.rating_cleaned_test manual__2024-10-11T14:55:35.410043+00:00 [queued]>
[2024-10-11T15:00:44.017+0000] {taskinstance.py:1359} INFO - Starting attempt 2 of 2
[2024-10-11T15:00:44.029+0000] {taskinstance.py:1380} INFO - Executing <Task(SparkSubmitOperator): rating_cleaned_test> on 2024-10-11 14:55:35.410043+00:00
[2024-10-11T15:00:44.034+0000] {standard_task_runner.py:57} INFO - Started process 6345 to run task
[2024-10-11T15:00:44.037+0000] {standard_task_runner.py:84} INFO - Running: ['***', 'tasks', 'run', 'ratings_taksk_clean', 'rating_cleaned_test', 'manual__2024-10-11T14:55:35.410043+00:00', '--job-id', '49', '--raw', '--subdir', 'DAGS_FOLDER/ratings_test.py', '--cfg-path', '/tmp/tmpp5_8lu6k']
[2024-10-11T15:00:44.041+0000] {standard_task_runner.py:85} INFO - Job 49: Subtask rating_cleaned_test
[2024-10-11T15:00:44.087+0000] {task_command.py:415} INFO - Running <TaskInstance: ratings_taksk_clean.rating_cleaned_test manual__2024-10-11T14:55:35.410043+00:00 [running]> on host 84076e7a47fe
[2024-10-11T15:00:44.153+0000] {taskinstance.py:1660} INFO - Exporting env vars: AIRFLOW_CTX_DAG_OWNER='***' AIRFLOW_CTX_DAG_ID='ratings_taksk_clean' AIRFLOW_CTX_TASK_ID='rating_cleaned_test' AIRFLOW_CTX_EXECUTION_DATE='2024-10-11T14:55:35.410043+00:00' AIRFLOW_CTX_TRY_NUMBER='2' AIRFLOW_CTX_DAG_RUN_ID='manual__2024-10-11T14:55:35.410043+00:00'
[2024-10-11T15:00:44.162+0000] {base.py:73} INFO - Using connection ID 'spark-conn' for task execution.
[2024-10-11T15:00:44.164+0000] {spark_submit.py:403} INFO - Spark-Submit cmd: spark-submit --master spark://spark-master:7077 --conf spark.sql.extensions=io.delta.sql.DeltaSparkSessionExtension --conf spark.sql.catalog.spark_catalog=org.apache.spark.sql.delta.catalog.DeltaCatalog --jars /opt/***/jars/hadoop-aws-3.3.4.jar,/opt/***/jars/s3-2.18.41.jar,/opt/***/jars/aws-java-sdk-1.12.367.jar,/opt/***/jars/delta-core_2.12-2.4.0.jar,/opt/***/jars/delta-storage-2.2.0.jar, --packages org.apache.hadoop:hadoop-aws:3.3.4 --num-executors 2 --total-executor-cores 2 --executor-cores 2 --executor-memory 2g --driver-memory 1g --name arrow-spark --deploy-mode client /opt/***/jobs/python/test_Rating.py s3a://lakehouse/bronze/keywords.parquet s3a://lakehouse/silver
[2024-10-11T15:00:44.246+0000] {spark_submit.py:579} INFO - /home/***/.local/lib/python3.11/site-packages/pyspark/bin/load-spark-env.sh: line 68: ps: command not found
[2024-10-11T15:00:46.137+0000] {spark_submit.py:579} INFO - :: loading settings :: url = jar:file:/home/***/.local/lib/python3.11/site-packages/pyspark/jars/ivy-2.5.1.jar!/org/apache/ivy/core/settings/ivysettings.xml
[2024-10-11T15:00:46.356+0000] {spark_submit.py:579} INFO - Ivy Default Cache set to: /home/***/.ivy2/cache
[2024-10-11T15:00:46.357+0000] {spark_submit.py:579} INFO - The jars for the packages stored in: /home/***/.ivy2/jars
[2024-10-11T15:00:46.363+0000] {spark_submit.py:579} INFO - org.apache.hadoop#hadoop-aws added as a dependency
[2024-10-11T15:00:46.365+0000] {spark_submit.py:579} INFO - :: resolving dependencies :: org.apache.spark#spark-submit-parent-0982fe68-35d1-4186-b0a8-94b80a117d6d;1.0
[2024-10-11T15:00:46.365+0000] {spark_submit.py:579} INFO - confs: [default]
[2024-10-11T15:00:46.534+0000] {spark_submit.py:579} INFO - found org.apache.hadoop#hadoop-aws;3.3.4 in central
[2024-10-11T15:00:46.569+0000] {spark_submit.py:579} INFO - found com.amazonaws#aws-java-sdk-bundle;1.12.262 in central
[2024-10-11T15:00:46.614+0000] {spark_submit.py:579} INFO - found org.wildfly.openssl#wildfly-openssl;1.0.7.Final in central
[2024-10-11T15:00:46.651+0000] {spark_submit.py:579} INFO - :: resolution report :: resolve 271ms :: artifacts dl 15ms
[2024-10-11T15:00:46.652+0000] {spark_submit.py:579} INFO - :: modules in use:
[2024-10-11T15:00:46.654+0000] {spark_submit.py:579} INFO - com.amazonaws#aws-java-sdk-bundle;1.12.262 from central in [default]
[2024-10-11T15:00:46.654+0000] {spark_submit.py:579} INFO - org.apache.hadoop#hadoop-aws;3.3.4 from central in [default]
[2024-10-11T15:00:46.656+0000] {spark_submit.py:579} INFO - org.wildfly.openssl#wildfly-openssl;1.0.7.Final from central in [default]
[2024-10-11T15:00:46.657+0000] {spark_submit.py:579} INFO - ---------------------------------------------------------------------
[2024-10-11T15:00:46.658+0000] {spark_submit.py:579} INFO - |                  |            modules            ||   artifacts   |
[2024-10-11T15:00:46.659+0000] {spark_submit.py:579} INFO - |       conf       | number| search|dwnlded|evicted|| number|dwnlded|
[2024-10-11T15:00:46.660+0000] {spark_submit.py:579} INFO - ---------------------------------------------------------------------
[2024-10-11T15:00:46.660+0000] {spark_submit.py:579} INFO - |      default     |   3   |   0   |   0   |   0   ||   3   |   0   |
[2024-10-11T15:00:46.661+0000] {spark_submit.py:579} INFO - ---------------------------------------------------------------------
[2024-10-11T15:00:46.662+0000] {spark_submit.py:579} INFO - :: retrieving :: org.apache.spark#spark-submit-parent-0982fe68-35d1-4186-b0a8-94b80a117d6d
[2024-10-11T15:00:46.663+0000] {spark_submit.py:579} INFO - confs: [default]
[2024-10-11T15:00:46.673+0000] {spark_submit.py:579} INFO - 0 artifacts copied, 3 already retrieved (0kB/12ms)
[2024-10-11T15:00:46.986+0000] {spark_submit.py:579} INFO - 24/10/11 15:00:46 WARN NativeCodeLoader: Unable to load native-hadoop library for your platform... using builtin-java classes where applicable
[2024-10-11T15:00:48.867+0000] {spark_submit.py:579} INFO - 2024-10-11 15:00:48,867 INFO: Initializing Spark session...
[2024-10-11T15:00:49.035+0000] {spark_submit.py:579} INFO - 24/10/11 15:00:49 INFO SparkContext: Running Spark version 3.4.3
[2024-10-11T15:00:49.070+0000] {spark_submit.py:579} INFO - 24/10/11 15:00:49 INFO ResourceUtils: ==============================================================
[2024-10-11T15:00:49.070+0000] {spark_submit.py:579} INFO - 24/10/11 15:00:49 INFO ResourceUtils: No custom resources configured for spark.driver.
[2024-10-11T15:00:49.071+0000] {spark_submit.py:579} INFO - 24/10/11 15:00:49 INFO ResourceUtils: ==============================================================
[2024-10-11T15:00:49.072+0000] {spark_submit.py:579} INFO - 24/10/11 15:00:49 INFO SparkContext: Submitted application: CleanKeywords
[2024-10-11T15:00:49.113+0000] {spark_submit.py:579} INFO - 24/10/11 15:00:49 INFO ResourceProfile: Default ResourceProfile created, executor resources: Map(cores -> name: cores, amount: 2, script: , vendor: , memory -> name: memory, amount: 2048, script: , vendor: , offHeap -> name: offHeap, amount: 0, script: , vendor: ), task resources: Map(cpus -> name: cpus, amount: 1.0)
[2024-10-11T15:00:49.131+0000] {spark_submit.py:579} INFO - 24/10/11 15:00:49 INFO ResourceProfile: Limiting resource is cpus at 2 tasks per executor
[2024-10-11T15:00:49.134+0000] {spark_submit.py:579} INFO - 24/10/11 15:00:49 INFO ResourceProfileManager: Added ResourceProfile id: 0
[2024-10-11T15:00:49.207+0000] {spark_submit.py:579} INFO - 24/10/11 15:00:49 INFO SecurityManager: Changing view acls to: ***
[2024-10-11T15:00:49.208+0000] {spark_submit.py:579} INFO - 24/10/11 15:00:49 INFO SecurityManager: Changing modify acls to: ***
[2024-10-11T15:00:49.209+0000] {spark_submit.py:579} INFO - 24/10/11 15:00:49 INFO SecurityManager: Changing view acls groups to:
[2024-10-11T15:00:49.211+0000] {spark_submit.py:579} INFO - 24/10/11 15:00:49 INFO SecurityManager: Changing modify acls groups to:
[2024-10-11T15:00:49.212+0000] {spark_submit.py:579} INFO - 24/10/11 15:00:49 INFO SecurityManager: SecurityManager: authentication disabled; ui acls disabled; users with view permissions: ***; groups with view permissions: EMPTY; users with modify permissions: ***; groups with modify permissions: EMPTY
[2024-10-11T15:00:49.616+0000] {spark_submit.py:579} INFO - 24/10/11 15:00:49 INFO Utils: Successfully started service 'sparkDriver' on port 41673.
[2024-10-11T15:00:49.664+0000] {spark_submit.py:579} INFO - 24/10/11 15:00:49 INFO SparkEnv: Registering MapOutputTracker
[2024-10-11T15:00:49.718+0000] {spark_submit.py:579} INFO - 24/10/11 15:00:49 INFO SparkEnv: Registering BlockManagerMaster
[2024-10-11T15:00:49.745+0000] {spark_submit.py:579} INFO - 24/10/11 15:00:49 INFO BlockManagerMasterEndpoint: Using org.apache.spark.storage.DefaultTopologyMapper for getting topology information
[2024-10-11T15:00:49.746+0000] {spark_submit.py:579} INFO - 24/10/11 15:00:49 INFO BlockManagerMasterEndpoint: BlockManagerMasterEndpoint up
[2024-10-11T15:00:49.750+0000] {spark_submit.py:579} INFO - 24/10/11 15:00:49 INFO SparkEnv: Registering BlockManagerMasterHeartbeat
[2024-10-11T15:00:49.771+0000] {spark_submit.py:579} INFO - 24/10/11 15:00:49 INFO DiskBlockManager: Created local directory at /tmp/blockmgr-4d354994-8f0f-4893-b579-d7084597b886
[2024-10-11T15:00:49.790+0000] {spark_submit.py:579} INFO - 24/10/11 15:00:49 INFO MemoryStore: MemoryStore started with capacity 434.4 MiB
[2024-10-11T15:00:49.812+0000] {spark_submit.py:579} INFO - 24/10/11 15:00:49 INFO SparkEnv: Registering OutputCommitCoordinator
[2024-10-11T15:00:49.981+0000] {spark_submit.py:579} INFO - 24/10/11 15:00:49 INFO JettyUtils: Start Jetty 0.0.0.0:4040 for SparkUI
[2024-10-11T15:00:50.056+0000] {spark_submit.py:579} INFO - 24/10/11 15:00:50 INFO Utils: Successfully started service 'SparkUI' on port 4040.
[2024-10-11T15:00:50.115+0000] {spark_submit.py:579} INFO - 24/10/11 15:00:50 INFO SparkContext: Added JAR file:///opt/***/jars/hadoop-aws-3.3.4.jar at spark://84076e7a47fe:41673/jars/hadoop-aws-3.3.4.jar with timestamp 1728658849025
[2024-10-11T15:00:50.117+0000] {spark_submit.py:579} INFO - 24/10/11 15:00:50 INFO SparkContext: Added JAR file:///opt/***/jars/s3-2.18.41.jar at spark://84076e7a47fe:41673/jars/s3-2.18.41.jar with timestamp 1728658849025
[2024-10-11T15:00:50.118+0000] {spark_submit.py:579} INFO - 24/10/11 15:00:50 INFO SparkContext: Added JAR file:///opt/***/jars/aws-java-sdk-1.12.367.jar at spark://84076e7a47fe:41673/jars/aws-java-sdk-1.12.367.jar with timestamp 1728658849025
[2024-10-11T15:00:50.120+0000] {spark_submit.py:579} INFO - 24/10/11 15:00:50 INFO SparkContext: Added JAR file:///opt/***/jars/delta-core_2.12-2.4.0.jar at spark://84076e7a47fe:41673/jars/delta-core_2.12-2.4.0.jar with timestamp 1728658849025
[2024-10-11T15:00:50.122+0000] {spark_submit.py:579} INFO - 24/10/11 15:00:50 INFO SparkContext: Added JAR file:///opt/***/jars/delta-storage-2.2.0.jar at spark://84076e7a47fe:41673/jars/delta-storage-2.2.0.jar with timestamp 1728658849025
[2024-10-11T15:00:50.123+0000] {spark_submit.py:579} INFO - 24/10/11 15:00:50 INFO SparkContext: Added JAR file:///home/***/.ivy2/jars/org.apache.hadoop_hadoop-aws-3.3.4.jar at spark://84076e7a47fe:41673/jars/org.apache.hadoop_hadoop-aws-3.3.4.jar with timestamp 1728658849025
[2024-10-11T15:00:50.123+0000] {spark_submit.py:579} INFO - 24/10/11 15:00:50 INFO SparkContext: Added JAR file:///home/***/.ivy2/jars/com.amazonaws_aws-java-sdk-bundle-1.12.262.jar at spark://84076e7a47fe:41673/jars/com.amazonaws_aws-java-sdk-bundle-1.12.262.jar with timestamp 1728658849025
[2024-10-11T15:00:50.124+0000] {spark_submit.py:579} INFO - 24/10/11 15:00:50 INFO SparkContext: Added JAR file:///home/***/.ivy2/jars/org.wildfly.openssl_wildfly-openssl-1.0.7.Final.jar at spark://84076e7a47fe:41673/jars/org.wildfly.openssl_wildfly-openssl-1.0.7.Final.jar with timestamp 1728658849025
[2024-10-11T15:00:50.127+0000] {spark_submit.py:579} INFO - 24/10/11 15:00:50 INFO SparkContext: Added file file:///home/***/.ivy2/jars/org.apache.hadoop_hadoop-aws-3.3.4.jar at spark://84076e7a47fe:41673/files/org.apache.hadoop_hadoop-aws-3.3.4.jar with timestamp 1728658849025
[2024-10-11T15:00:50.129+0000] {spark_submit.py:579} INFO - 24/10/11 15:00:50 INFO Utils: Copying /home/***/.ivy2/jars/org.apache.hadoop_hadoop-aws-3.3.4.jar to /tmp/spark-668cf599-dd06-4923-a136-bda1fbb097f9/userFiles-f01cc2b8-2e8e-4279-be60-d39f8fabe173/org.apache.hadoop_hadoop-aws-3.3.4.jar
[2024-10-11T15:00:50.143+0000] {spark_submit.py:579} INFO - 24/10/11 15:00:50 INFO SparkContext: Added file file:///home/***/.ivy2/jars/com.amazonaws_aws-java-sdk-bundle-1.12.262.jar at spark://84076e7a47fe:41673/files/com.amazonaws_aws-java-sdk-bundle-1.12.262.jar with timestamp 1728658849025
[2024-10-11T15:00:50.144+0000] {spark_submit.py:579} INFO - 24/10/11 15:00:50 INFO Utils: Copying /home/***/.ivy2/jars/com.amazonaws_aws-java-sdk-bundle-1.12.262.jar to /tmp/spark-668cf599-dd06-4923-a136-bda1fbb097f9/userFiles-f01cc2b8-2e8e-4279-be60-d39f8fabe173/com.amazonaws_aws-java-sdk-bundle-1.12.262.jar
[2024-10-11T15:00:50.637+0000] {spark_submit.py:579} INFO - 24/10/11 15:00:50 INFO SparkContext: Added file file:///home/***/.ivy2/jars/org.wildfly.openssl_wildfly-openssl-1.0.7.Final.jar at spark://84076e7a47fe:41673/files/org.wildfly.openssl_wildfly-openssl-1.0.7.Final.jar with timestamp 1728658849025
[2024-10-11T15:00:50.637+0000] {spark_submit.py:579} INFO - 24/10/11 15:00:50 INFO Utils: Copying /home/***/.ivy2/jars/org.wildfly.openssl_wildfly-openssl-1.0.7.Final.jar to /tmp/spark-668cf599-dd06-4923-a136-bda1fbb097f9/userFiles-f01cc2b8-2e8e-4279-be60-d39f8fabe173/org.wildfly.openssl_wildfly-openssl-1.0.7.Final.jar
[2024-10-11T15:00:50.753+0000] {spark_submit.py:579} INFO - 24/10/11 15:00:50 INFO StandaloneAppClient$ClientEndpoint: Connecting to master spark://spark-master:7077...
[2024-10-11T15:00:50.806+0000] {spark_submit.py:579} INFO - 24/10/11 15:00:50 INFO TransportClientFactory: Successfully created connection to spark-master/172.18.0.4:7077 after 31 ms (0 ms spent in bootstraps)
[2024-10-11T15:00:50.913+0000] {spark_submit.py:579} INFO - 24/10/11 15:00:50 INFO StandaloneSchedulerBackend: Connected to Spark cluster with app ID app-20241011150050-0012
[2024-10-11T15:00:50.916+0000] {spark_submit.py:579} INFO - 24/10/11 15:00:50 INFO StandaloneAppClient$ClientEndpoint: Executor added: app-20241011150050-0012/0 on worker-20241011135506-172.18.0.6-44653 (172.18.0.6:44653) with 2 core(s)
[2024-10-11T15:00:50.920+0000] {spark_submit.py:579} INFO - 24/10/11 15:00:50 INFO StandaloneSchedulerBackend: Granted executor ID app-20241011150050-0012/0 on hostPort 172.18.0.6:44653 with 2 core(s), 2.0 GiB RAM
[2024-10-11T15:00:50.926+0000] {spark_submit.py:579} INFO - 24/10/11 15:00:50 INFO Utils: Successfully started service 'org.apache.spark.network.netty.NettyBlockTransferService' on port 43111.
[2024-10-11T15:00:50.927+0000] {spark_submit.py:579} INFO - 24/10/11 15:00:50 INFO NettyBlockTransferService: Server created on 84076e7a47fe:43111
[2024-10-11T15:00:50.930+0000] {spark_submit.py:579} INFO - 24/10/11 15:00:50 INFO BlockManager: Using org.apache.spark.storage.RandomBlockReplicationPolicy for block replication policy
[2024-10-11T15:00:50.944+0000] {spark_submit.py:579} INFO - 24/10/11 15:00:50 INFO BlockManagerMaster: Registering BlockManager BlockManagerId(driver, 84076e7a47fe, 43111, None)
[2024-10-11T15:00:50.950+0000] {spark_submit.py:579} INFO - 24/10/11 15:00:50 INFO BlockManagerMasterEndpoint: Registering block manager 84076e7a47fe:43111 with 434.4 MiB RAM, BlockManagerId(driver, 84076e7a47fe, 43111, None)
[2024-10-11T15:00:50.954+0000] {spark_submit.py:579} INFO - 24/10/11 15:00:50 INFO BlockManagerMaster: Registered BlockManager BlockManagerId(driver, 84076e7a47fe, 43111, None)
[2024-10-11T15:00:50.957+0000] {spark_submit.py:579} INFO - 24/10/11 15:00:50 INFO BlockManager: Initialized BlockManager: BlockManagerId(driver, 84076e7a47fe, 43111, None)
[2024-10-11T15:00:50.985+0000] {spark_submit.py:579} INFO - 24/10/11 15:00:50 INFO StandaloneAppClient$ClientEndpoint: Executor updated: app-20241011150050-0012/0 is now RUNNING
[2024-10-11T15:00:51.314+0000] {spark_submit.py:579} INFO - 24/10/11 15:00:51 INFO StandaloneSchedulerBackend: SchedulerBackend is ready for scheduling beginning after reached minRegisteredResourcesRatio: 0.0
[2024-10-11T15:00:51.713+0000] {spark_submit.py:579} INFO - 2024-10-11 15:00:51,713 INFO: Spark session initialized successfully.
[2024-10-11T15:00:51.714+0000] {spark_submit.py:579} INFO - 2024-10-11 15:00:51,713 INFO: Reading data from s3a://lakehouse/bronze/keywords.parquet
[2024-10-11T15:00:53.821+0000] {spark_submit.py:579} INFO - 24/10/11 15:00:53 INFO StandaloneSchedulerBackend$StandaloneDriverEndpoint: Registered executor NettyRpcEndpointRef(spark-client://Executor) (172.18.0.6:41458) with ID 0,  ResourceProfileId 0
[2024-10-11T15:00:53.906+0000] {spark_submit.py:579} INFO - 24/10/11 15:00:53 INFO BlockManagerMasterEndpoint: Registering block manager 172.18.0.6:40069 with 1048.8 MiB RAM, BlockManagerId(0, 172.18.0.6, 40069, None)
[2024-10-11T15:00:55.224+0000] {spark_submit.py:579} INFO - 2024-10-11 15:00:55,224 ERROR: Error during cleaning process: Install s3fs to access S3
[2024-10-11T15:00:55.228+0000] {spark_submit.py:579} INFO - 2024-10-11 15:00:55,228 ERROR: Traceback (most recent call last):
[2024-10-11T15:00:55.228+0000] {spark_submit.py:579} INFO - File "/home/***/.local/lib/python3.11/site-packages/fsspec/registry.py", line 234, in get_filesystem_class
[2024-10-11T15:00:55.229+0000] {spark_submit.py:579} INFO - register_implementation(protocol, _import_class(bit["class"]))
[2024-10-11T15:00:55.229+0000] {spark_submit.py:579} INFO - ^^^^^^^^^^^^^^^^^^^^^^^^^^^
[2024-10-11T15:00:55.230+0000] {spark_submit.py:579} INFO - File "/home/***/.local/lib/python3.11/site-packages/fsspec/registry.py", line 269, in _import_class
[2024-10-11T15:00:55.231+0000] {spark_submit.py:579} INFO - mod = importlib.import_module(mod)
[2024-10-11T15:00:55.232+0000] {spark_submit.py:579} INFO - ^^^^^^^^^^^^^^^^^^^^^^^^^^^^
[2024-10-11T15:00:55.233+0000] {spark_submit.py:579} INFO - File "/usr/local/lib/python3.11/importlib/__init__.py", line 126, in import_module
[2024-10-11T15:00:55.234+0000] {spark_submit.py:579} INFO - return _bootstrap._gcd_import(name[level:], package, level)
[2024-10-11T15:00:55.234+0000] {spark_submit.py:579} INFO - ^^^^^^^^^^^^^^^^^^^^^^^^^^^^^^^^^^^^^^^^^^^^^^^^^^^^
[2024-10-11T15:00:55.235+0000] {spark_submit.py:579} INFO - File "<frozen importlib._bootstrap>", line 1204, in _gcd_import
[2024-10-11T15:00:55.235+0000] {spark_submit.py:579} INFO - File "<frozen importlib._bootstrap>", line 1176, in _find_and_load
[2024-10-11T15:00:55.236+0000] {spark_submit.py:579} INFO - File "<frozen importlib._bootstrap>", line 1140, in _find_and_load_unlocked
[2024-10-11T15:00:55.237+0000] {spark_submit.py:579} INFO - ModuleNotFoundError: No module named 's3fs'
[2024-10-11T15:00:55.237+0000] {spark_submit.py:579} INFO - 
[2024-10-11T15:00:55.238+0000] {spark_submit.py:579} INFO - The above exception was the direct cause of the following exception:
[2024-10-11T15:00:55.239+0000] {spark_submit.py:579} INFO - 
[2024-10-11T15:00:55.239+0000] {spark_submit.py:579} INFO - Traceback (most recent call last):
[2024-10-11T15:00:55.240+0000] {spark_submit.py:579} INFO - File "/opt/***/jobs/python/test_Rating.py", line 51, in clean_ratings
[2024-10-11T15:00:55.240+0000] {spark_submit.py:579} INFO - bronze_ratings = pd.read_csv(input_path)
[2024-10-11T15:00:55.241+0000] {spark_submit.py:579} INFO - ^^^^^^^^^^^^^^^^^^^^^^^
[2024-10-11T15:00:55.241+0000] {spark_submit.py:579} INFO - File "/home/***/.local/lib/python3.11/site-packages/pandas/io/parsers/readers.py", line 948, in read_csv
[2024-10-11T15:00:55.242+0000] {spark_submit.py:579} INFO - return _read(filepath_or_buffer, kwds)
[2024-10-11T15:00:55.242+0000] {spark_submit.py:579} INFO - ^^^^^^^^^^^^^^^^^^^^^^^^^^^^^^^
[2024-10-11T15:00:55.243+0000] {spark_submit.py:579} INFO - File "/home/***/.local/lib/python3.11/site-packages/pandas/io/parsers/readers.py", line 611, in _read
[2024-10-11T15:00:55.244+0000] {spark_submit.py:579} INFO - parser = TextFileReader(filepath_or_buffer, **kwds)
[2024-10-11T15:00:55.245+0000] {spark_submit.py:579} INFO - ^^^^^^^^^^^^^^^^^^^^^^^^^^^^^^^^^^^^^^^^^^
[2024-10-11T15:00:55.245+0000] {spark_submit.py:579} INFO - File "/home/***/.local/lib/python3.11/site-packages/pandas/io/parsers/readers.py", line 1448, in __init__
[2024-10-11T15:00:55.246+0000] {spark_submit.py:579} INFO - self._engine = self._make_engine(f, self.engine)
[2024-10-11T15:00:55.247+0000] {spark_submit.py:579} INFO - ^^^^^^^^^^^^^^^^^^^^^^^^^^^^^^^^^
[2024-10-11T15:00:55.248+0000] {spark_submit.py:579} INFO - File "/home/***/.local/lib/python3.11/site-packages/pandas/io/parsers/readers.py", line 1705, in _make_engine
[2024-10-11T15:00:55.248+0000] {spark_submit.py:579} INFO - self.handles = get_handle(
[2024-10-11T15:00:55.249+0000] {spark_submit.py:579} INFO - ^^^^^^^^^^^
[2024-10-11T15:00:55.250+0000] {spark_submit.py:579} INFO - File "/home/***/.local/lib/python3.11/site-packages/pandas/io/common.py", line 718, in get_handle
[2024-10-11T15:00:55.251+0000] {spark_submit.py:579} INFO - ioargs = _get_filepath_or_buffer(
[2024-10-11T15:00:55.252+0000] {spark_submit.py:579} INFO - ^^^^^^^^^^^^^^^^^^^^^^^^
[2024-10-11T15:00:55.253+0000] {spark_submit.py:579} INFO - File "/home/***/.local/lib/python3.11/site-packages/pandas/io/common.py", line 418, in _get_filepath_or_buffer
[2024-10-11T15:00:55.253+0000] {spark_submit.py:579} INFO - file_obj = fsspec.open(
[2024-10-11T15:00:55.254+0000] {spark_submit.py:579} INFO - ^^^^^^^^^^^^
[2024-10-11T15:00:55.254+0000] {spark_submit.py:579} INFO - File "/home/***/.local/lib/python3.11/site-packages/fsspec/core.py", line 453, in open
[2024-10-11T15:00:55.255+0000] {spark_submit.py:579} INFO - out = open_files(
[2024-10-11T15:00:55.256+0000] {spark_submit.py:579} INFO - ^^^^^^^^^^^
[2024-10-11T15:00:55.257+0000] {spark_submit.py:579} INFO - File "/home/***/.local/lib/python3.11/site-packages/fsspec/core.py", line 282, in open_files
[2024-10-11T15:00:55.258+0000] {spark_submit.py:579} INFO - fs, fs_token, paths = get_fs_token_paths(
[2024-10-11T15:00:55.258+0000] {spark_submit.py:579} INFO - ^^^^^^^^^^^^^^^^^^^
[2024-10-11T15:00:55.259+0000] {spark_submit.py:579} INFO - File "/home/***/.local/lib/python3.11/site-packages/fsspec/core.py", line 611, in get_fs_token_paths
[2024-10-11T15:00:55.259+0000] {spark_submit.py:579} INFO - chain = _un_chain(urlpath0, storage_options or {})
[2024-10-11T15:00:55.261+0000] {spark_submit.py:579} INFO - ^^^^^^^^^^^^^^^^^^^^^^^^^^^^^^^^^^^^^^^^^^
[2024-10-11T15:00:55.261+0000] {spark_submit.py:579} INFO - File "/home/***/.local/lib/python3.11/site-packages/fsspec/core.py", line 325, in _un_chain
[2024-10-11T15:00:55.262+0000] {spark_submit.py:579} INFO - cls = get_filesystem_class(protocol)
[2024-10-11T15:00:55.263+0000] {spark_submit.py:579} INFO - ^^^^^^^^^^^^^^^^^^^^^^^^^^^^^^
[2024-10-11T15:00:55.264+0000] {spark_submit.py:579} INFO - File "/home/***/.local/lib/python3.11/site-packages/fsspec/registry.py", line 236, in get_filesystem_class
[2024-10-11T15:00:55.265+0000] {spark_submit.py:579} INFO - raise ImportError(bit["err"]) from e
[2024-10-11T15:00:55.266+0000] {spark_submit.py:579} INFO - ImportError: Install s3fs to access S3
[2024-10-11T15:00:55.267+0000] {spark_submit.py:579} INFO - 
[2024-10-11T15:00:55.267+0000] {spark_submit.py:579} INFO - 24/10/11 15:00:55 INFO SparkContext: SparkContext is stopping with exitCode 0.
[2024-10-11T15:00:55.268+0000] {spark_submit.py:579} INFO - 24/10/11 15:00:55 INFO SparkUI: Stopped Spark web UI at http://84076e7a47fe:4040
[2024-10-11T15:00:55.269+0000] {spark_submit.py:579} INFO - 24/10/11 15:00:55 INFO StandaloneSchedulerBackend: Shutting down all executors
[2024-10-11T15:00:55.270+0000] {spark_submit.py:579} INFO - 24/10/11 15:00:55 INFO StandaloneSchedulerBackend$StandaloneDriverEndpoint: Asking each executor to shut down
[2024-10-11T15:00:55.304+0000] {spark_submit.py:579} INFO - 24/10/11 15:00:55 INFO MapOutputTrackerMasterEndpoint: MapOutputTrackerMasterEndpoint stopped!
[2024-10-11T15:00:55.331+0000] {spark_submit.py:579} INFO - 24/10/11 15:00:55 INFO MemoryStore: MemoryStore cleared
[2024-10-11T15:00:55.332+0000] {spark_submit.py:579} INFO - 24/10/11 15:00:55 INFO BlockManager: BlockManager stopped
[2024-10-11T15:00:55.351+0000] {spark_submit.py:579} INFO - 24/10/11 15:00:55 INFO BlockManagerMaster: BlockManagerMaster stopped
[2024-10-11T15:00:55.356+0000] {spark_submit.py:579} INFO - 24/10/11 15:00:55 INFO OutputCommitCoordinator$OutputCommitCoordinatorEndpoint: OutputCommitCoordinator stopped!
[2024-10-11T15:00:55.372+0000] {spark_submit.py:579} INFO - 24/10/11 15:00:55 INFO SparkContext: Successfully stopped SparkContext
[2024-10-11T15:00:55.417+0000] {spark_submit.py:579} INFO - 2024-10-11 15:00:55,416 INFO: Closing down clientserver connection
[2024-10-11T15:00:56.067+0000] {spark_submit.py:579} INFO - 24/10/11 15:00:56 INFO ShutdownHookManager: Shutdown hook called
[2024-10-11T15:00:56.069+0000] {spark_submit.py:579} INFO - 24/10/11 15:00:56 INFO ShutdownHookManager: Deleting directory /tmp/spark-668cf599-dd06-4923-a136-bda1fbb097f9/pyspark-11aa11a2-c611-42f6-8053-4bde1a7f6233
[2024-10-11T15:00:56.074+0000] {spark_submit.py:579} INFO - 24/10/11 15:00:56 INFO ShutdownHookManager: Deleting directory /tmp/spark-5e94b9bc-9111-4150-9e0f-5ab51dfdae13
[2024-10-11T15:00:56.078+0000] {spark_submit.py:579} INFO - 24/10/11 15:00:56 INFO ShutdownHookManager: Deleting directory /tmp/spark-668cf599-dd06-4923-a136-bda1fbb097f9
[2024-10-11T15:00:56.127+0000] {taskinstance.py:1935} ERROR - Task failed with exception
Traceback (most recent call last):
  File "/home/airflow/.local/lib/python3.11/site-packages/airflow/providers/apache/spark/operators/spark_submit.py", line 174, in execute
    self._hook.submit(self.application)
  File "/home/airflow/.local/lib/python3.11/site-packages/airflow/providers/apache/spark/hooks/spark_submit.py", line 505, in submit
    raise AirflowException(
airflow.exceptions.AirflowException: Cannot execute: spark-submit --master spark://spark-master:7077 --conf spark.sql.extensions=io.delta.sql.DeltaSparkSessionExtension --conf spark.sql.catalog.spark_catalog=org.apache.spark.sql.delta.catalog.DeltaCatalog --jars /opt/***/jars/hadoop-aws-3.3.4.jar,/opt/***/jars/s3-2.18.41.jar,/opt/***/jars/aws-java-sdk-1.12.367.jar,/opt/***/jars/delta-core_2.12-2.4.0.jar,/opt/***/jars/delta-storage-2.2.0.jar, --packages org.apache.hadoop:hadoop-aws:3.3.4 --num-executors 2 --total-executor-cores 2 --executor-cores 2 --executor-memory 2g --driver-memory 1g --name arrow-spark --deploy-mode client /opt/***/jobs/python/test_Rating.py s3a://lakehouse/bronze/keywords.parquet s3a://lakehouse/silver. Error code is: 1.
[2024-10-11T15:00:56.131+0000] {taskinstance.py:1398} INFO - Marking task as FAILED. dag_id=ratings_taksk_clean, task_id=rating_cleaned_test, execution_date=20241011T145535, start_date=20241011T150044, end_date=20241011T150056
[2024-10-11T15:00:56.132+0000] {ratings_test.py:15} ERROR - Task ratings_taksk_clean__rating_cleaned_test__20241011 failed.
[2024-10-11T15:00:56.144+0000] {standard_task_runner.py:104} ERROR - Failed to execute job 49 for task rating_cleaned_test (Cannot execute: spark-submit --master spark://spark-master:7077 --conf spark.sql.extensions=io.delta.sql.DeltaSparkSessionExtension --conf spark.sql.catalog.spark_catalog=org.apache.spark.sql.delta.catalog.DeltaCatalog --jars /opt/***/jars/hadoop-aws-3.3.4.jar,/opt/***/jars/s3-2.18.41.jar,/opt/***/jars/aws-java-sdk-1.12.367.jar,/opt/***/jars/delta-core_2.12-2.4.0.jar,/opt/***/jars/delta-storage-2.2.0.jar, --packages org.apache.hadoop:hadoop-aws:3.3.4 --num-executors 2 --total-executor-cores 2 --executor-cores 2 --executor-memory 2g --driver-memory 1g --name arrow-spark --deploy-mode client /opt/***/jobs/python/test_Rating.py s3a://lakehouse/bronze/keywords.parquet s3a://lakehouse/silver. Error code is: 1.; 6345)
[2024-10-11T15:00:56.168+0000] {local_task_job_runner.py:228} INFO - Task exited with return code 1
[2024-10-11T15:00:56.184+0000] {taskinstance.py:2776} INFO - 0 downstream tasks scheduled from follow-on schedule check
