[2024-10-11T16:29:20.532+0000] {taskinstance.py:1157} INFO - Dependencies all met for dep_context=non-requeueable deps ti=<TaskInstance: spark_processing_dag1111.silver_cleaned_movies manual__2024-10-11T16:24:12.296200+00:00 [queued]>
[2024-10-11T16:29:20.539+0000] {taskinstance.py:1157} INFO - Dependencies all met for dep_context=requeueable deps ti=<TaskInstance: spark_processing_dag1111.silver_cleaned_movies manual__2024-10-11T16:24:12.296200+00:00 [queued]>
[2024-10-11T16:29:20.540+0000] {taskinstance.py:1359} INFO - Starting attempt 2 of 2
[2024-10-11T16:29:20.552+0000] {taskinstance.py:1380} INFO - Executing <Task(SparkSubmitOperator): silver_cleaned_movies> on 2024-10-11 16:24:12.296200+00:00
[2024-10-11T16:29:20.557+0000] {standard_task_runner.py:57} INFO - Started process 15209 to run task
[2024-10-11T16:29:20.560+0000] {standard_task_runner.py:84} INFO - Running: ['***', 'tasks', 'run', 'spark_processing_dag1111', 'silver_cleaned_movies', 'manual__2024-10-11T16:24:12.296200+00:00', '--job-id', '63', '--raw', '--subdir', 'DAGS_FOLDER/movie.py', '--cfg-path', '/tmp/tmp9p5osla4']
[2024-10-11T16:29:20.562+0000] {standard_task_runner.py:85} INFO - Job 63: Subtask silver_cleaned_movies
[2024-10-11T16:29:20.603+0000] {task_command.py:415} INFO - Running <TaskInstance: spark_processing_dag1111.silver_cleaned_movies manual__2024-10-11T16:24:12.296200+00:00 [running]> on host 84076e7a47fe
[2024-10-11T16:29:20.664+0000] {taskinstance.py:1660} INFO - Exporting env vars: AIRFLOW_CTX_DAG_OWNER='***' AIRFLOW_CTX_DAG_ID='spark_processing_dag1111' AIRFLOW_CTX_TASK_ID='silver_cleaned_movies' AIRFLOW_CTX_EXECUTION_DATE='2024-10-11T16:24:12.296200+00:00' AIRFLOW_CTX_TRY_NUMBER='2' AIRFLOW_CTX_DAG_RUN_ID='manual__2024-10-11T16:24:12.296200+00:00'
[2024-10-11T16:29:20.674+0000] {base.py:73} INFO - Using connection ID 'spark-conn' for task execution.
[2024-10-11T16:29:20.676+0000] {spark_submit.py:403} INFO - Spark-Submit cmd: spark-submit --master spark://spark-master:7077 --conf spark.sql.extensions=io.delta.sql.DeltaSparkSessionExtension --conf spark.sql.catalog.spark_catalog=org.apache.spark.sql.delta.catalog.DeltaCatalog --jars /opt/***/jars/hadoop-aws-3.3.4.jar,/opt/***/jars/s3-2.18.41.jar,/opt/***/jars/aws-java-sdk-1.12.367.jar,/opt/***/jars/delta-core_2.12-2.4.0.jar,/opt/***/jars/delta-storage-2.2.0.jar, --packages org.apache.hadoop:hadoop-aws:3.3.4 --num-executors 2 --total-executor-cores 2 --executor-cores 2 --executor-memory 2g --driver-memory 1g --name arrow-spark --deploy-mode client /opt/***/jobs/python/test_movies.py s3a://lakehouse/bronze/movies.parquet s3a://lakehouse/silver
[2024-10-11T16:29:20.759+0000] {spark_submit.py:579} INFO - /home/***/.local/lib/python3.11/site-packages/pyspark/bin/load-spark-env.sh: line 68: ps: command not found
[2024-10-11T16:29:22.371+0000] {spark_submit.py:579} INFO - :: loading settings :: url = jar:file:/home/***/.local/lib/python3.11/site-packages/pyspark/jars/ivy-2.5.1.jar!/org/apache/ivy/core/settings/ivysettings.xml
[2024-10-11T16:29:22.546+0000] {spark_submit.py:579} INFO - Ivy Default Cache set to: /home/***/.ivy2/cache
[2024-10-11T16:29:22.547+0000] {spark_submit.py:579} INFO - The jars for the packages stored in: /home/***/.ivy2/jars
[2024-10-11T16:29:22.552+0000] {spark_submit.py:579} INFO - org.apache.hadoop#hadoop-aws added as a dependency
[2024-10-11T16:29:22.553+0000] {spark_submit.py:579} INFO - :: resolving dependencies :: org.apache.spark#spark-submit-parent-5d52061b-afb8-4928-9bff-b549fedb09dd;1.0
[2024-10-11T16:29:22.554+0000] {spark_submit.py:579} INFO - confs: [default]
[2024-10-11T16:29:22.674+0000] {spark_submit.py:579} INFO - found org.apache.hadoop#hadoop-aws;3.3.4 in spark-list
[2024-10-11T16:29:22.698+0000] {spark_submit.py:579} INFO - found com.amazonaws#aws-java-sdk-bundle;1.12.262 in central
[2024-10-11T16:29:22.720+0000] {spark_submit.py:579} INFO - found org.wildfly.openssl#wildfly-openssl;1.0.7.Final in central
[2024-10-11T16:29:22.740+0000] {spark_submit.py:579} INFO - :: resolution report :: resolve 179ms :: artifacts dl 8ms
[2024-10-11T16:29:22.741+0000] {spark_submit.py:579} INFO - :: modules in use:
[2024-10-11T16:29:22.741+0000] {spark_submit.py:579} INFO - com.amazonaws#aws-java-sdk-bundle;1.12.262 from central in [default]
[2024-10-11T16:29:22.742+0000] {spark_submit.py:579} INFO - org.apache.hadoop#hadoop-aws;3.3.4 from spark-list in [default]
[2024-10-11T16:29:22.743+0000] {spark_submit.py:579} INFO - org.wildfly.openssl#wildfly-openssl;1.0.7.Final from central in [default]
[2024-10-11T16:29:22.743+0000] {spark_submit.py:579} INFO - ---------------------------------------------------------------------
[2024-10-11T16:29:22.743+0000] {spark_submit.py:579} INFO - |                  |            modules            ||   artifacts   |
[2024-10-11T16:29:22.744+0000] {spark_submit.py:579} INFO - |       conf       | number| search|dwnlded|evicted|| number|dwnlded|
[2024-10-11T16:29:22.744+0000] {spark_submit.py:579} INFO - ---------------------------------------------------------------------
[2024-10-11T16:29:22.745+0000] {spark_submit.py:579} INFO - |      default     |   3   |   0   |   0   |   0   ||   3   |   0   |
[2024-10-11T16:29:22.746+0000] {spark_submit.py:579} INFO - ---------------------------------------------------------------------
[2024-10-11T16:29:22.747+0000] {spark_submit.py:579} INFO - :: retrieving :: org.apache.spark#spark-submit-parent-5d52061b-afb8-4928-9bff-b549fedb09dd
[2024-10-11T16:29:22.747+0000] {spark_submit.py:579} INFO - confs: [default]
[2024-10-11T16:29:22.754+0000] {spark_submit.py:579} INFO - 0 artifacts copied, 3 already retrieved (0kB/8ms)
[2024-10-11T16:29:22.950+0000] {spark_submit.py:579} INFO - 24/10/11 16:29:22 WARN NativeCodeLoader: Unable to load native-hadoop library for your platform... using builtin-java classes where applicable
[2024-10-11T16:29:25.888+0000] {spark_submit.py:579} INFO - 2024-10-11 16:29:25,888 ERROR: Error in main execution: Install s3fs to access S3
[2024-10-11T16:29:25.895+0000] {spark_submit.py:579} INFO - 2024-10-11 16:29:25,894 ERROR: Traceback (most recent call last):
[2024-10-11T16:29:25.895+0000] {spark_submit.py:579} INFO - File "/home/***/.local/lib/python3.11/site-packages/fsspec/registry.py", line 234, in get_filesystem_class
[2024-10-11T16:29:25.896+0000] {spark_submit.py:579} INFO - register_implementation(protocol, _import_class(bit["class"]))
[2024-10-11T16:29:25.896+0000] {spark_submit.py:579} INFO - ^^^^^^^^^^^^^^^^^^^^^^^^^^^
[2024-10-11T16:29:25.897+0000] {spark_submit.py:579} INFO - File "/home/***/.local/lib/python3.11/site-packages/fsspec/registry.py", line 269, in _import_class
[2024-10-11T16:29:25.897+0000] {spark_submit.py:579} INFO - mod = importlib.import_module(mod)
[2024-10-11T16:29:25.897+0000] {spark_submit.py:579} INFO - ^^^^^^^^^^^^^^^^^^^^^^^^^^^^
[2024-10-11T16:29:25.898+0000] {spark_submit.py:579} INFO - File "/usr/local/lib/python3.11/importlib/__init__.py", line 126, in import_module
[2024-10-11T16:29:25.898+0000] {spark_submit.py:579} INFO - return _bootstrap._gcd_import(name[level:], package, level)
[2024-10-11T16:29:25.898+0000] {spark_submit.py:579} INFO - ^^^^^^^^^^^^^^^^^^^^^^^^^^^^^^^^^^^^^^^^^^^^^^^^^^^^
[2024-10-11T16:29:25.899+0000] {spark_submit.py:579} INFO - File "<frozen importlib._bootstrap>", line 1204, in _gcd_import
[2024-10-11T16:29:25.899+0000] {spark_submit.py:579} INFO - File "<frozen importlib._bootstrap>", line 1176, in _find_and_load
[2024-10-11T16:29:25.899+0000] {spark_submit.py:579} INFO - File "<frozen importlib._bootstrap>", line 1140, in _find_and_load_unlocked
[2024-10-11T16:29:25.900+0000] {spark_submit.py:579} INFO - ModuleNotFoundError: No module named 's3fs'
[2024-10-11T16:29:25.900+0000] {spark_submit.py:579} INFO - 
[2024-10-11T16:29:25.900+0000] {spark_submit.py:579} INFO - The above exception was the direct cause of the following exception:
[2024-10-11T16:29:25.901+0000] {spark_submit.py:579} INFO - 
[2024-10-11T16:29:25.901+0000] {spark_submit.py:579} INFO - Traceback (most recent call last):
[2024-10-11T16:29:25.901+0000] {spark_submit.py:579} INFO - File "/opt/***/jobs/python/test_movies.py", line 135, in <module>
[2024-10-11T16:29:25.902+0000] {spark_submit.py:579} INFO - bronze_movies = pd.read_csv(input_path)  # Giả định dữ liệu ở định dạng CSV
[2024-10-11T16:29:25.902+0000] {spark_submit.py:579} INFO - ^^^^^^^^^^^^^^^^^^^^^^^
[2024-10-11T16:29:25.902+0000] {spark_submit.py:579} INFO - File "/home/***/.local/lib/python3.11/site-packages/pandas/io/parsers/readers.py", line 948, in read_csv
[2024-10-11T16:29:25.903+0000] {spark_submit.py:579} INFO - return _read(filepath_or_buffer, kwds)
[2024-10-11T16:29:25.903+0000] {spark_submit.py:579} INFO - ^^^^^^^^^^^^^^^^^^^^^^^^^^^^^^^
[2024-10-11T16:29:25.903+0000] {spark_submit.py:579} INFO - File "/home/***/.local/lib/python3.11/site-packages/pandas/io/parsers/readers.py", line 611, in _read
[2024-10-11T16:29:25.904+0000] {spark_submit.py:579} INFO - parser = TextFileReader(filepath_or_buffer, **kwds)
[2024-10-11T16:29:25.904+0000] {spark_submit.py:579} INFO - ^^^^^^^^^^^^^^^^^^^^^^^^^^^^^^^^^^^^^^^^^^
[2024-10-11T16:29:25.904+0000] {spark_submit.py:579} INFO - File "/home/***/.local/lib/python3.11/site-packages/pandas/io/parsers/readers.py", line 1448, in __init__
[2024-10-11T16:29:25.905+0000] {spark_submit.py:579} INFO - self._engine = self._make_engine(f, self.engine)
[2024-10-11T16:29:25.905+0000] {spark_submit.py:579} INFO - ^^^^^^^^^^^^^^^^^^^^^^^^^^^^^^^^^
[2024-10-11T16:29:25.905+0000] {spark_submit.py:579} INFO - File "/home/***/.local/lib/python3.11/site-packages/pandas/io/parsers/readers.py", line 1705, in _make_engine
[2024-10-11T16:29:25.906+0000] {spark_submit.py:579} INFO - self.handles = get_handle(
[2024-10-11T16:29:25.906+0000] {spark_submit.py:579} INFO - ^^^^^^^^^^^
[2024-10-11T16:29:25.906+0000] {spark_submit.py:579} INFO - File "/home/***/.local/lib/python3.11/site-packages/pandas/io/common.py", line 718, in get_handle
[2024-10-11T16:29:25.907+0000] {spark_submit.py:579} INFO - ioargs = _get_filepath_or_buffer(
[2024-10-11T16:29:25.907+0000] {spark_submit.py:579} INFO - ^^^^^^^^^^^^^^^^^^^^^^^^
[2024-10-11T16:29:25.907+0000] {spark_submit.py:579} INFO - File "/home/***/.local/lib/python3.11/site-packages/pandas/io/common.py", line 418, in _get_filepath_or_buffer
[2024-10-11T16:29:25.908+0000] {spark_submit.py:579} INFO - file_obj = fsspec.open(
[2024-10-11T16:29:25.908+0000] {spark_submit.py:579} INFO - ^^^^^^^^^^^^
[2024-10-11T16:29:25.908+0000] {spark_submit.py:579} INFO - File "/home/***/.local/lib/python3.11/site-packages/fsspec/core.py", line 453, in open
[2024-10-11T16:29:25.909+0000] {spark_submit.py:579} INFO - out = open_files(
[2024-10-11T16:29:25.909+0000] {spark_submit.py:579} INFO - ^^^^^^^^^^^
[2024-10-11T16:29:25.909+0000] {spark_submit.py:579} INFO - File "/home/***/.local/lib/python3.11/site-packages/fsspec/core.py", line 282, in open_files
[2024-10-11T16:29:25.910+0000] {spark_submit.py:579} INFO - fs, fs_token, paths = get_fs_token_paths(
[2024-10-11T16:29:25.910+0000] {spark_submit.py:579} INFO - ^^^^^^^^^^^^^^^^^^^
[2024-10-11T16:29:25.910+0000] {spark_submit.py:579} INFO - File "/home/***/.local/lib/python3.11/site-packages/fsspec/core.py", line 611, in get_fs_token_paths
[2024-10-11T16:29:25.910+0000] {spark_submit.py:579} INFO - chain = _un_chain(urlpath0, storage_options or {})
[2024-10-11T16:29:25.910+0000] {spark_submit.py:579} INFO - ^^^^^^^^^^^^^^^^^^^^^^^^^^^^^^^^^^^^^^^^^^
[2024-10-11T16:29:25.911+0000] {spark_submit.py:579} INFO - File "/home/***/.local/lib/python3.11/site-packages/fsspec/core.py", line 325, in _un_chain
[2024-10-11T16:29:25.911+0000] {spark_submit.py:579} INFO - cls = get_filesystem_class(protocol)
[2024-10-11T16:29:25.911+0000] {spark_submit.py:579} INFO - ^^^^^^^^^^^^^^^^^^^^^^^^^^^^^^
[2024-10-11T16:29:25.911+0000] {spark_submit.py:579} INFO - File "/home/***/.local/lib/python3.11/site-packages/fsspec/registry.py", line 236, in get_filesystem_class
[2024-10-11T16:29:25.912+0000] {spark_submit.py:579} INFO - raise ImportError(bit["err"]) from e
[2024-10-11T16:29:25.912+0000] {spark_submit.py:579} INFO - ImportError: Install s3fs to access S3
[2024-10-11T16:29:25.912+0000] {spark_submit.py:579} INFO - 
[2024-10-11T16:29:26.192+0000] {spark_submit.py:579} INFO - 24/10/11 16:29:26 INFO ShutdownHookManager: Shutdown hook called
[2024-10-11T16:29:26.194+0000] {spark_submit.py:579} INFO - 24/10/11 16:29:26 INFO ShutdownHookManager: Deleting directory /tmp/spark-bb2f9045-8f56-44e7-9da2-c894aba84c7d
[2024-10-11T16:29:26.232+0000] {taskinstance.py:1935} ERROR - Task failed with exception
Traceback (most recent call last):
  File "/home/airflow/.local/lib/python3.11/site-packages/airflow/providers/apache/spark/operators/spark_submit.py", line 174, in execute
    self._hook.submit(self.application)
  File "/home/airflow/.local/lib/python3.11/site-packages/airflow/providers/apache/spark/hooks/spark_submit.py", line 505, in submit
    raise AirflowException(
airflow.exceptions.AirflowException: Cannot execute: spark-submit --master spark://spark-master:7077 --conf spark.sql.extensions=io.delta.sql.DeltaSparkSessionExtension --conf spark.sql.catalog.spark_catalog=org.apache.spark.sql.delta.catalog.DeltaCatalog --jars /opt/***/jars/hadoop-aws-3.3.4.jar,/opt/***/jars/s3-2.18.41.jar,/opt/***/jars/aws-java-sdk-1.12.367.jar,/opt/***/jars/delta-core_2.12-2.4.0.jar,/opt/***/jars/delta-storage-2.2.0.jar, --packages org.apache.hadoop:hadoop-aws:3.3.4 --num-executors 2 --total-executor-cores 2 --executor-cores 2 --executor-memory 2g --driver-memory 1g --name arrow-spark --deploy-mode client /opt/***/jobs/python/test_movies.py s3a://lakehouse/bronze/movies.parquet s3a://lakehouse/silver. Error code is: 1.
[2024-10-11T16:29:26.236+0000] {taskinstance.py:1398} INFO - Marking task as FAILED. dag_id=spark_processing_dag1111, task_id=silver_cleaned_movies, execution_date=20241011T162412, start_date=20241011T162920, end_date=20241011T162926
[2024-10-11T16:29:26.236+0000] {movie.py:15} ERROR - Task spark_processing_dag1111__silver_cleaned_movies__20241011 failed.
[2024-10-11T16:29:26.246+0000] {standard_task_runner.py:104} ERROR - Failed to execute job 63 for task silver_cleaned_movies (Cannot execute: spark-submit --master spark://spark-master:7077 --conf spark.sql.extensions=io.delta.sql.DeltaSparkSessionExtension --conf spark.sql.catalog.spark_catalog=org.apache.spark.sql.delta.catalog.DeltaCatalog --jars /opt/***/jars/hadoop-aws-3.3.4.jar,/opt/***/jars/s3-2.18.41.jar,/opt/***/jars/aws-java-sdk-1.12.367.jar,/opt/***/jars/delta-core_2.12-2.4.0.jar,/opt/***/jars/delta-storage-2.2.0.jar, --packages org.apache.hadoop:hadoop-aws:3.3.4 --num-executors 2 --total-executor-cores 2 --executor-cores 2 --executor-memory 2g --driver-memory 1g --name arrow-spark --deploy-mode client /opt/***/jobs/python/test_movies.py s3a://lakehouse/bronze/movies.parquet s3a://lakehouse/silver. Error code is: 1.; 15209)
[2024-10-11T16:29:26.262+0000] {local_task_job_runner.py:228} INFO - Task exited with return code 1
[2024-10-11T16:29:26.277+0000] {taskinstance.py:2776} INFO - 0 downstream tasks scheduled from follow-on schedule check
