[2024-10-11T15:44:06.794+0000] {taskinstance.py:1157} INFO - Dependencies all met for dep_context=non-requeueable deps ti=<TaskInstance: spark_processing_dag1111.silver_cleaned_movies manual__2024-10-11T15:44:05.729011+00:00 [queued]>
[2024-10-11T15:44:06.803+0000] {taskinstance.py:1157} INFO - Dependencies all met for dep_context=requeueable deps ti=<TaskInstance: spark_processing_dag1111.silver_cleaned_movies manual__2024-10-11T15:44:05.729011+00:00 [queued]>
[2024-10-11T15:44:06.804+0000] {taskinstance.py:1359} INFO - Starting attempt 1 of 2
[2024-10-11T15:44:06.817+0000] {taskinstance.py:1380} INFO - Executing <Task(SparkSubmitOperator): silver_cleaned_movies> on 2024-10-11 15:44:05.729011+00:00
[2024-10-11T15:44:06.822+0000] {standard_task_runner.py:57} INFO - Started process 10623 to run task
[2024-10-11T15:44:06.825+0000] {standard_task_runner.py:84} INFO - Running: ['***', 'tasks', 'run', 'spark_processing_dag1111', 'silver_cleaned_movies', 'manual__2024-10-11T15:44:05.729011+00:00', '--job-id', '55', '--raw', '--subdir', 'DAGS_FOLDER/movie.py', '--cfg-path', '/tmp/tmpiyd_locu']
[2024-10-11T15:44:06.827+0000] {standard_task_runner.py:85} INFO - Job 55: Subtask silver_cleaned_movies
[2024-10-11T15:44:06.871+0000] {task_command.py:415} INFO - Running <TaskInstance: spark_processing_dag1111.silver_cleaned_movies manual__2024-10-11T15:44:05.729011+00:00 [running]> on host 84076e7a47fe
[2024-10-11T15:44:06.949+0000] {taskinstance.py:1660} INFO - Exporting env vars: AIRFLOW_CTX_DAG_OWNER='***' AIRFLOW_CTX_DAG_ID='spark_processing_dag1111' AIRFLOW_CTX_TASK_ID='silver_cleaned_movies' AIRFLOW_CTX_EXECUTION_DATE='2024-10-11T15:44:05.729011+00:00' AIRFLOW_CTX_TRY_NUMBER='1' AIRFLOW_CTX_DAG_RUN_ID='manual__2024-10-11T15:44:05.729011+00:00'
[2024-10-11T15:44:06.959+0000] {base.py:73} INFO - Using connection ID 'spark-conn' for task execution.
[2024-10-11T15:44:06.961+0000] {spark_submit.py:403} INFO - Spark-Submit cmd: spark-submit --master spark://spark-master:7077 --conf spark.sql.extensions=io.delta.sql.DeltaSparkSessionExtension --conf spark.sql.catalog.spark_catalog=org.apache.spark.sql.delta.catalog.DeltaCatalog --jars /opt/***/jars/hadoop-aws-3.3.4.jar,/opt/***/jars/s3-2.18.41.jar,/opt/***/jars/aws-java-sdk-1.12.367.jar,/opt/***/jars/delta-core_2.12-2.4.0.jar,/opt/***/jars/delta-storage-2.2.0.jar, --packages org.apache.hadoop:hadoop-aws:3.3.4 --num-executors 2 --total-executor-cores 2 --executor-cores 2 --executor-memory 2g --driver-memory 1g --name arrow-spark --deploy-mode client /opt/***/jobs/python/test_movies.py s3a://lakehouse/bronze/movies.parquet s3a://lakehouse/silver
[2024-10-11T15:44:07.045+0000] {spark_submit.py:579} INFO - /home/***/.local/lib/python3.11/site-packages/pyspark/bin/load-spark-env.sh: line 68: ps: command not found
[2024-10-11T15:44:08.921+0000] {spark_submit.py:579} INFO - :: loading settings :: url = jar:file:/home/***/.local/lib/python3.11/site-packages/pyspark/jars/ivy-2.5.1.jar!/org/apache/ivy/core/settings/ivysettings.xml
[2024-10-11T15:44:09.093+0000] {spark_submit.py:579} INFO - Ivy Default Cache set to: /home/***/.ivy2/cache
[2024-10-11T15:44:09.094+0000] {spark_submit.py:579} INFO - The jars for the packages stored in: /home/***/.ivy2/jars
[2024-10-11T15:44:09.100+0000] {spark_submit.py:579} INFO - org.apache.hadoop#hadoop-aws added as a dependency
[2024-10-11T15:44:09.101+0000] {spark_submit.py:579} INFO - :: resolving dependencies :: org.apache.spark#spark-submit-parent-4de72bb4-a403-4c55-b0a4-972e5fe5f09c;1.0
[2024-10-11T15:44:09.102+0000] {spark_submit.py:579} INFO - confs: [default]
[2024-10-11T15:44:09.259+0000] {spark_submit.py:579} INFO - found org.apache.hadoop#hadoop-aws;3.3.4 in spark-list
[2024-10-11T15:44:09.298+0000] {spark_submit.py:579} INFO - found com.amazonaws#aws-java-sdk-bundle;1.12.262 in central
[2024-10-11T15:44:09.325+0000] {spark_submit.py:579} INFO - found org.wildfly.openssl#wildfly-openssl;1.0.7.Final in central
[2024-10-11T15:44:09.355+0000] {spark_submit.py:579} INFO - :: resolution report :: resolve 244ms :: artifacts dl 10ms
[2024-10-11T15:44:09.356+0000] {spark_submit.py:579} INFO - :: modules in use:
[2024-10-11T15:44:09.357+0000] {spark_submit.py:579} INFO - com.amazonaws#aws-java-sdk-bundle;1.12.262 from central in [default]
[2024-10-11T15:44:09.357+0000] {spark_submit.py:579} INFO - org.apache.hadoop#hadoop-aws;3.3.4 from spark-list in [default]
[2024-10-11T15:44:09.358+0000] {spark_submit.py:579} INFO - org.wildfly.openssl#wildfly-openssl;1.0.7.Final from central in [default]
[2024-10-11T15:44:09.359+0000] {spark_submit.py:579} INFO - ---------------------------------------------------------------------
[2024-10-11T15:44:09.359+0000] {spark_submit.py:579} INFO - |                  |            modules            ||   artifacts   |
[2024-10-11T15:44:09.360+0000] {spark_submit.py:579} INFO - |       conf       | number| search|dwnlded|evicted|| number|dwnlded|
[2024-10-11T15:44:09.361+0000] {spark_submit.py:579} INFO - ---------------------------------------------------------------------
[2024-10-11T15:44:09.362+0000] {spark_submit.py:579} INFO - |      default     |   3   |   0   |   0   |   0   ||   3   |   0   |
[2024-10-11T15:44:09.362+0000] {spark_submit.py:579} INFO - ---------------------------------------------------------------------
[2024-10-11T15:44:09.363+0000] {spark_submit.py:579} INFO - :: retrieving :: org.apache.spark#spark-submit-parent-4de72bb4-a403-4c55-b0a4-972e5fe5f09c
[2024-10-11T15:44:09.363+0000] {spark_submit.py:579} INFO - confs: [default]
[2024-10-11T15:44:09.370+0000] {spark_submit.py:579} INFO - 0 artifacts copied, 3 already retrieved (0kB/8ms)
[2024-10-11T15:44:09.635+0000] {spark_submit.py:579} INFO - 24/10/11 15:44:09 WARN NativeCodeLoader: Unable to load native-hadoop library for your platform... using builtin-java classes where applicable
[2024-10-11T15:44:11.175+0000] {spark_submit.py:579} INFO - 2024-10-11 15:44:11,175 INFO: Initializing Spark session...
[2024-10-11T15:44:11.312+0000] {spark_submit.py:579} INFO - 24/10/11 15:44:11 INFO SparkContext: Running Spark version 3.4.3
[2024-10-11T15:44:11.336+0000] {spark_submit.py:579} INFO - 24/10/11 15:44:11 INFO ResourceUtils: ==============================================================
[2024-10-11T15:44:11.337+0000] {spark_submit.py:579} INFO - 24/10/11 15:44:11 INFO ResourceUtils: No custom resources configured for spark.driver.
[2024-10-11T15:44:11.338+0000] {spark_submit.py:579} INFO - 24/10/11 15:44:11 INFO ResourceUtils: ==============================================================
[2024-10-11T15:44:11.338+0000] {spark_submit.py:579} INFO - 24/10/11 15:44:11 INFO SparkContext: Submitted application: CleanMovies
[2024-10-11T15:44:11.359+0000] {spark_submit.py:579} INFO - 24/10/11 15:44:11 INFO ResourceProfile: Default ResourceProfile created, executor resources: Map(cores -> name: cores, amount: 2, script: , vendor: , memory -> name: memory, amount: 2048, script: , vendor: , offHeap -> name: offHeap, amount: 0, script: , vendor: ), task resources: Map(cpus -> name: cpus, amount: 1.0)
[2024-10-11T15:44:11.371+0000] {spark_submit.py:579} INFO - 24/10/11 15:44:11 INFO ResourceProfile: Limiting resource is cpus at 2 tasks per executor
[2024-10-11T15:44:11.373+0000] {spark_submit.py:579} INFO - 24/10/11 15:44:11 INFO ResourceProfileManager: Added ResourceProfile id: 0
[2024-10-11T15:44:11.423+0000] {spark_submit.py:579} INFO - 24/10/11 15:44:11 INFO SecurityManager: Changing view acls to: ***
[2024-10-11T15:44:11.423+0000] {spark_submit.py:579} INFO - 24/10/11 15:44:11 INFO SecurityManager: Changing modify acls to: ***
[2024-10-11T15:44:11.424+0000] {spark_submit.py:579} INFO - 24/10/11 15:44:11 INFO SecurityManager: Changing view acls groups to:
[2024-10-11T15:44:11.424+0000] {spark_submit.py:579} INFO - 24/10/11 15:44:11 INFO SecurityManager: Changing modify acls groups to:
[2024-10-11T15:44:11.425+0000] {spark_submit.py:579} INFO - 24/10/11 15:44:11 INFO SecurityManager: SecurityManager: authentication disabled; ui acls disabled; users with view permissions: ***; groups with view permissions: EMPTY; users with modify permissions: ***; groups with modify permissions: EMPTY
[2024-10-11T15:44:11.656+0000] {spark_submit.py:579} INFO - 24/10/11 15:44:11 INFO Utils: Successfully started service 'sparkDriver' on port 40231.
[2024-10-11T15:44:11.690+0000] {spark_submit.py:579} INFO - 24/10/11 15:44:11 INFO SparkEnv: Registering MapOutputTracker
[2024-10-11T15:44:11.727+0000] {spark_submit.py:579} INFO - 24/10/11 15:44:11 INFO SparkEnv: Registering BlockManagerMaster
[2024-10-11T15:44:11.745+0000] {spark_submit.py:579} INFO - 24/10/11 15:44:11 INFO BlockManagerMasterEndpoint: Using org.apache.spark.storage.DefaultTopologyMapper for getting topology information
[2024-10-11T15:44:11.746+0000] {spark_submit.py:579} INFO - 24/10/11 15:44:11 INFO BlockManagerMasterEndpoint: BlockManagerMasterEndpoint up
[2024-10-11T15:44:11.750+0000] {spark_submit.py:579} INFO - 24/10/11 15:44:11 INFO SparkEnv: Registering BlockManagerMasterHeartbeat
[2024-10-11T15:44:11.770+0000] {spark_submit.py:579} INFO - 24/10/11 15:44:11 INFO DiskBlockManager: Created local directory at /tmp/blockmgr-5077c9fc-e45c-4c1b-a20c-de723584d723
[2024-10-11T15:44:11.787+0000] {spark_submit.py:579} INFO - 24/10/11 15:44:11 INFO MemoryStore: MemoryStore started with capacity 434.4 MiB
[2024-10-11T15:44:11.805+0000] {spark_submit.py:579} INFO - 24/10/11 15:44:11 INFO SparkEnv: Registering OutputCommitCoordinator
[2024-10-11T15:44:11.931+0000] {spark_submit.py:579} INFO - 24/10/11 15:44:11 INFO JettyUtils: Start Jetty 0.0.0.0:4040 for SparkUI
[2024-10-11T15:44:11.996+0000] {spark_submit.py:579} INFO - 24/10/11 15:44:11 INFO Utils: Successfully started service 'SparkUI' on port 4040.
[2024-10-11T15:44:12.033+0000] {spark_submit.py:579} INFO - 24/10/11 15:44:12 INFO SparkContext: Added JAR file:///opt/***/jars/hadoop-aws-3.3.4.jar at spark://84076e7a47fe:40231/jars/hadoop-aws-3.3.4.jar with timestamp 1728661451303
[2024-10-11T15:44:12.034+0000] {spark_submit.py:579} INFO - 24/10/11 15:44:12 INFO SparkContext: Added JAR file:///opt/***/jars/s3-2.18.41.jar at spark://84076e7a47fe:40231/jars/s3-2.18.41.jar with timestamp 1728661451303
[2024-10-11T15:44:12.036+0000] {spark_submit.py:579} INFO - 24/10/11 15:44:12 INFO SparkContext: Added JAR file:///opt/***/jars/aws-java-sdk-1.12.367.jar at spark://84076e7a47fe:40231/jars/aws-java-sdk-1.12.367.jar with timestamp 1728661451303
[2024-10-11T15:44:12.037+0000] {spark_submit.py:579} INFO - 24/10/11 15:44:12 INFO SparkContext: Added JAR file:///opt/***/jars/delta-core_2.12-2.4.0.jar at spark://84076e7a47fe:40231/jars/delta-core_2.12-2.4.0.jar with timestamp 1728661451303
[2024-10-11T15:44:12.038+0000] {spark_submit.py:579} INFO - 24/10/11 15:44:12 INFO SparkContext: Added JAR file:///opt/***/jars/delta-storage-2.2.0.jar at spark://84076e7a47fe:40231/jars/delta-storage-2.2.0.jar with timestamp 1728661451303
[2024-10-11T15:44:12.039+0000] {spark_submit.py:579} INFO - 24/10/11 15:44:12 INFO SparkContext: Added JAR file:///home/***/.ivy2/jars/org.apache.hadoop_hadoop-aws-3.3.4.jar at spark://84076e7a47fe:40231/jars/org.apache.hadoop_hadoop-aws-3.3.4.jar with timestamp 1728661451303
[2024-10-11T15:44:12.040+0000] {spark_submit.py:579} INFO - 24/10/11 15:44:12 INFO SparkContext: Added JAR file:///home/***/.ivy2/jars/com.amazonaws_aws-java-sdk-bundle-1.12.262.jar at spark://84076e7a47fe:40231/jars/com.amazonaws_aws-java-sdk-bundle-1.12.262.jar with timestamp 1728661451303
[2024-10-11T15:44:12.040+0000] {spark_submit.py:579} INFO - 24/10/11 15:44:12 INFO SparkContext: Added JAR file:///home/***/.ivy2/jars/org.wildfly.openssl_wildfly-openssl-1.0.7.Final.jar at spark://84076e7a47fe:40231/jars/org.wildfly.openssl_wildfly-openssl-1.0.7.Final.jar with timestamp 1728661451303
[2024-10-11T15:44:12.042+0000] {spark_submit.py:579} INFO - 24/10/11 15:44:12 INFO SparkContext: Added file file:///home/***/.ivy2/jars/org.apache.hadoop_hadoop-aws-3.3.4.jar at spark://84076e7a47fe:40231/files/org.apache.hadoop_hadoop-aws-3.3.4.jar with timestamp 1728661451303
[2024-10-11T15:44:12.043+0000] {spark_submit.py:579} INFO - 24/10/11 15:44:12 INFO Utils: Copying /home/***/.ivy2/jars/org.apache.hadoop_hadoop-aws-3.3.4.jar to /tmp/spark-d0660e36-5e7c-4616-84ea-b3d834326ddd/userFiles-a2fa2f03-b20c-4d4e-b059-5bb2a1dd25c3/org.apache.hadoop_hadoop-aws-3.3.4.jar
[2024-10-11T15:44:12.054+0000] {spark_submit.py:579} INFO - 24/10/11 15:44:12 INFO SparkContext: Added file file:///home/***/.ivy2/jars/com.amazonaws_aws-java-sdk-bundle-1.12.262.jar at spark://84076e7a47fe:40231/files/com.amazonaws_aws-java-sdk-bundle-1.12.262.jar with timestamp 1728661451303
[2024-10-11T15:44:12.055+0000] {spark_submit.py:579} INFO - 24/10/11 15:44:12 INFO Utils: Copying /home/***/.ivy2/jars/com.amazonaws_aws-java-sdk-bundle-1.12.262.jar to /tmp/spark-d0660e36-5e7c-4616-84ea-b3d834326ddd/userFiles-a2fa2f03-b20c-4d4e-b059-5bb2a1dd25c3/com.amazonaws_aws-java-sdk-bundle-1.12.262.jar
[2024-10-11T15:44:12.372+0000] {spark_submit.py:579} INFO - 24/10/11 15:44:12 INFO SparkContext: Added file file:///home/***/.ivy2/jars/org.wildfly.openssl_wildfly-openssl-1.0.7.Final.jar at spark://84076e7a47fe:40231/files/org.wildfly.openssl_wildfly-openssl-1.0.7.Final.jar with timestamp 1728661451303
[2024-10-11T15:44:12.372+0000] {spark_submit.py:579} INFO - 24/10/11 15:44:12 INFO Utils: Copying /home/***/.ivy2/jars/org.wildfly.openssl_wildfly-openssl-1.0.7.Final.jar to /tmp/spark-d0660e36-5e7c-4616-84ea-b3d834326ddd/userFiles-a2fa2f03-b20c-4d4e-b059-5bb2a1dd25c3/org.wildfly.openssl_wildfly-openssl-1.0.7.Final.jar
[2024-10-11T15:44:12.457+0000] {spark_submit.py:579} INFO - 24/10/11 15:44:12 INFO StandaloneAppClient$ClientEndpoint: Connecting to master spark://spark-master:7077...
[2024-10-11T15:44:12.519+0000] {spark_submit.py:579} INFO - 24/10/11 15:44:12 INFO TransportClientFactory: Successfully created connection to spark-master/172.18.0.4:7077 after 36 ms (0 ms spent in bootstraps)
[2024-10-11T15:44:12.613+0000] {spark_submit.py:579} INFO - 24/10/11 15:44:12 INFO StandaloneSchedulerBackend: Connected to Spark cluster with app ID app-20241011154412-0018
[2024-10-11T15:44:12.615+0000] {spark_submit.py:579} INFO - 24/10/11 15:44:12 INFO StandaloneAppClient$ClientEndpoint: Executor added: app-20241011154412-0018/0 on worker-20241011135506-172.18.0.6-44653 (172.18.0.6:44653) with 2 core(s)
[2024-10-11T15:44:12.618+0000] {spark_submit.py:579} INFO - 24/10/11 15:44:12 INFO StandaloneSchedulerBackend: Granted executor ID app-20241011154412-0018/0 on hostPort 172.18.0.6:44653 with 2 core(s), 2.0 GiB RAM
[2024-10-11T15:44:12.623+0000] {spark_submit.py:579} INFO - 24/10/11 15:44:12 INFO Utils: Successfully started service 'org.apache.spark.network.netty.NettyBlockTransferService' on port 44781.
[2024-10-11T15:44:12.624+0000] {spark_submit.py:579} INFO - 24/10/11 15:44:12 INFO NettyBlockTransferService: Server created on 84076e7a47fe:44781
[2024-10-11T15:44:12.625+0000] {spark_submit.py:579} INFO - 24/10/11 15:44:12 INFO BlockManager: Using org.apache.spark.storage.RandomBlockReplicationPolicy for block replication policy
[2024-10-11T15:44:12.635+0000] {spark_submit.py:579} INFO - 24/10/11 15:44:12 INFO BlockManagerMaster: Registering BlockManager BlockManagerId(driver, 84076e7a47fe, 44781, None)
[2024-10-11T15:44:12.640+0000] {spark_submit.py:579} INFO - 24/10/11 15:44:12 INFO BlockManagerMasterEndpoint: Registering block manager 84076e7a47fe:44781 with 434.4 MiB RAM, BlockManagerId(driver, 84076e7a47fe, 44781, None)
[2024-10-11T15:44:12.644+0000] {spark_submit.py:579} INFO - 24/10/11 15:44:12 INFO BlockManagerMaster: Registered BlockManager BlockManagerId(driver, 84076e7a47fe, 44781, None)
[2024-10-11T15:44:12.646+0000] {spark_submit.py:579} INFO - 24/10/11 15:44:12 INFO BlockManager: Initialized BlockManager: BlockManagerId(driver, 84076e7a47fe, 44781, None)
[2024-10-11T15:44:12.651+0000] {spark_submit.py:579} INFO - 24/10/11 15:44:12 INFO StandaloneAppClient$ClientEndpoint: Executor updated: app-20241011154412-0018/0 is now RUNNING
[2024-10-11T15:44:12.856+0000] {spark_submit.py:579} INFO - 24/10/11 15:44:12 INFO StandaloneSchedulerBackend: SchedulerBackend is ready for scheduling beginning after reached minRegisteredResourcesRatio: 0.0
[2024-10-11T15:44:13.129+0000] {spark_submit.py:579} INFO - 2024-10-11 15:44:13,128 INFO: Spark session initialized successfully.
[2024-10-11T15:44:13.129+0000] {spark_submit.py:579} INFO - 2024-10-11 15:44:13,129 INFO: Reading data from s3a://lakehouse/bronze/movies.parquet
[2024-10-11T15:44:14.938+0000] {spark_submit.py:579} INFO - 24/10/11 15:44:14 INFO StandaloneSchedulerBackend$StandaloneDriverEndpoint: Registered executor NettyRpcEndpointRef(spark-client://Executor) (172.18.0.6:55022) with ID 0,  ResourceProfileId 0
[2024-10-11T15:44:15.031+0000] {spark_submit.py:579} INFO - 24/10/11 15:44:15 INFO BlockManagerMasterEndpoint: Registering block manager 172.18.0.6:45759 with 1048.8 MiB RAM, BlockManagerId(0, 172.18.0.6, 45759, None)
[2024-10-11T15:44:16.478+0000] {spark_submit.py:579} INFO - 2024-10-11 15:44:16,478 ERROR: Error during cleaning process: Install s3fs to access S3
[2024-10-11T15:44:16.485+0000] {spark_submit.py:579} INFO - 2024-10-11 15:44:16,485 ERROR: Traceback (most recent call last):
[2024-10-11T15:44:16.485+0000] {spark_submit.py:579} INFO - File "/home/***/.local/lib/python3.11/site-packages/fsspec/registry.py", line 234, in get_filesystem_class
[2024-10-11T15:44:16.486+0000] {spark_submit.py:579} INFO - register_implementation(protocol, _import_class(bit["class"]))
[2024-10-11T15:44:16.487+0000] {spark_submit.py:579} INFO - ^^^^^^^^^^^^^^^^^^^^^^^^^^^
[2024-10-11T15:44:16.487+0000] {spark_submit.py:579} INFO - File "/home/***/.local/lib/python3.11/site-packages/fsspec/registry.py", line 269, in _import_class
[2024-10-11T15:44:16.488+0000] {spark_submit.py:579} INFO - mod = importlib.import_module(mod)
[2024-10-11T15:44:16.489+0000] {spark_submit.py:579} INFO - ^^^^^^^^^^^^^^^^^^^^^^^^^^^^
[2024-10-11T15:44:16.489+0000] {spark_submit.py:579} INFO - File "/usr/local/lib/python3.11/importlib/__init__.py", line 126, in import_module
[2024-10-11T15:44:16.490+0000] {spark_submit.py:579} INFO - return _bootstrap._gcd_import(name[level:], package, level)
[2024-10-11T15:44:16.490+0000] {spark_submit.py:579} INFO - ^^^^^^^^^^^^^^^^^^^^^^^^^^^^^^^^^^^^^^^^^^^^^^^^^^^^
[2024-10-11T15:44:16.491+0000] {spark_submit.py:579} INFO - File "<frozen importlib._bootstrap>", line 1204, in _gcd_import
[2024-10-11T15:44:16.491+0000] {spark_submit.py:579} INFO - File "<frozen importlib._bootstrap>", line 1176, in _find_and_load
[2024-10-11T15:44:16.492+0000] {spark_submit.py:579} INFO - File "<frozen importlib._bootstrap>", line 1140, in _find_and_load_unlocked
[2024-10-11T15:44:16.492+0000] {spark_submit.py:579} INFO - ModuleNotFoundError: No module named 's3fs'
[2024-10-11T15:44:16.493+0000] {spark_submit.py:579} INFO - 
[2024-10-11T15:44:16.493+0000] {spark_submit.py:579} INFO - The above exception was the direct cause of the following exception:
[2024-10-11T15:44:16.494+0000] {spark_submit.py:579} INFO - 
[2024-10-11T15:44:16.494+0000] {spark_submit.py:579} INFO - Traceback (most recent call last):
[2024-10-11T15:44:16.495+0000] {spark_submit.py:579} INFO - File "/opt/***/jobs/python/test_movies.py", line 60, in silver_cleaned_movies
[2024-10-11T15:44:16.495+0000] {spark_submit.py:579} INFO - pandas_df = pd.read_csv(input_path)
[2024-10-11T15:44:16.496+0000] {spark_submit.py:579} INFO - ^^^^^^^^^^^^^^^^^^^^^^^
[2024-10-11T15:44:16.496+0000] {spark_submit.py:579} INFO - File "/home/***/.local/lib/python3.11/site-packages/pandas/io/parsers/readers.py", line 948, in read_csv
[2024-10-11T15:44:16.497+0000] {spark_submit.py:579} INFO - return _read(filepath_or_buffer, kwds)
[2024-10-11T15:44:16.498+0000] {spark_submit.py:579} INFO - ^^^^^^^^^^^^^^^^^^^^^^^^^^^^^^^
[2024-10-11T15:44:16.498+0000] {spark_submit.py:579} INFO - File "/home/***/.local/lib/python3.11/site-packages/pandas/io/parsers/readers.py", line 611, in _read
[2024-10-11T15:44:16.498+0000] {spark_submit.py:579} INFO - parser = TextFileReader(filepath_or_buffer, **kwds)
[2024-10-11T15:44:16.499+0000] {spark_submit.py:579} INFO - ^^^^^^^^^^^^^^^^^^^^^^^^^^^^^^^^^^^^^^^^^^
[2024-10-11T15:44:16.499+0000] {spark_submit.py:579} INFO - File "/home/***/.local/lib/python3.11/site-packages/pandas/io/parsers/readers.py", line 1448, in __init__
[2024-10-11T15:44:16.500+0000] {spark_submit.py:579} INFO - self._engine = self._make_engine(f, self.engine)
[2024-10-11T15:44:16.501+0000] {spark_submit.py:579} INFO - ^^^^^^^^^^^^^^^^^^^^^^^^^^^^^^^^^
[2024-10-11T15:44:16.501+0000] {spark_submit.py:579} INFO - File "/home/***/.local/lib/python3.11/site-packages/pandas/io/parsers/readers.py", line 1705, in _make_engine
[2024-10-11T15:44:16.502+0000] {spark_submit.py:579} INFO - self.handles = get_handle(
[2024-10-11T15:44:16.502+0000] {spark_submit.py:579} INFO - ^^^^^^^^^^^
[2024-10-11T15:44:16.503+0000] {spark_submit.py:579} INFO - File "/home/***/.local/lib/python3.11/site-packages/pandas/io/common.py", line 718, in get_handle
[2024-10-11T15:44:16.503+0000] {spark_submit.py:579} INFO - ioargs = _get_filepath_or_buffer(
[2024-10-11T15:44:16.503+0000] {spark_submit.py:579} INFO - ^^^^^^^^^^^^^^^^^^^^^^^^
[2024-10-11T15:44:16.504+0000] {spark_submit.py:579} INFO - File "/home/***/.local/lib/python3.11/site-packages/pandas/io/common.py", line 418, in _get_filepath_or_buffer
[2024-10-11T15:44:16.504+0000] {spark_submit.py:579} INFO - file_obj = fsspec.open(
[2024-10-11T15:44:16.505+0000] {spark_submit.py:579} INFO - ^^^^^^^^^^^^
[2024-10-11T15:44:16.505+0000] {spark_submit.py:579} INFO - File "/home/***/.local/lib/python3.11/site-packages/fsspec/core.py", line 453, in open
[2024-10-11T15:44:16.506+0000] {spark_submit.py:579} INFO - out = open_files(
[2024-10-11T15:44:16.506+0000] {spark_submit.py:579} INFO - ^^^^^^^^^^^
[2024-10-11T15:44:16.507+0000] {spark_submit.py:579} INFO - File "/home/***/.local/lib/python3.11/site-packages/fsspec/core.py", line 282, in open_files
[2024-10-11T15:44:16.507+0000] {spark_submit.py:579} INFO - fs, fs_token, paths = get_fs_token_paths(
[2024-10-11T15:44:16.508+0000] {spark_submit.py:579} INFO - ^^^^^^^^^^^^^^^^^^^
[2024-10-11T15:44:16.508+0000] {spark_submit.py:579} INFO - File "/home/***/.local/lib/python3.11/site-packages/fsspec/core.py", line 611, in get_fs_token_paths
[2024-10-11T15:44:16.508+0000] {spark_submit.py:579} INFO - chain = _un_chain(urlpath0, storage_options or {})
[2024-10-11T15:44:16.509+0000] {spark_submit.py:579} INFO - ^^^^^^^^^^^^^^^^^^^^^^^^^^^^^^^^^^^^^^^^^^
[2024-10-11T15:44:16.509+0000] {spark_submit.py:579} INFO - File "/home/***/.local/lib/python3.11/site-packages/fsspec/core.py", line 325, in _un_chain
[2024-10-11T15:44:16.510+0000] {spark_submit.py:579} INFO - cls = get_filesystem_class(protocol)
[2024-10-11T15:44:16.510+0000] {spark_submit.py:579} INFO - ^^^^^^^^^^^^^^^^^^^^^^^^^^^^^^
[2024-10-11T15:44:16.511+0000] {spark_submit.py:579} INFO - File "/home/***/.local/lib/python3.11/site-packages/fsspec/registry.py", line 236, in get_filesystem_class
[2024-10-11T15:44:16.512+0000] {spark_submit.py:579} INFO - raise ImportError(bit["err"]) from e
[2024-10-11T15:44:16.512+0000] {spark_submit.py:579} INFO - ImportError: Install s3fs to access S3
[2024-10-11T15:44:16.512+0000] {spark_submit.py:579} INFO - 
[2024-10-11T15:44:16.513+0000] {spark_submit.py:579} INFO - 24/10/11 15:44:16 INFO SparkContext: SparkContext is stopping with exitCode 0.
[2024-10-11T15:44:16.513+0000] {spark_submit.py:579} INFO - 24/10/11 15:44:16 INFO SparkUI: Stopped Spark web UI at http://84076e7a47fe:4040
[2024-10-11T15:44:16.514+0000] {spark_submit.py:579} INFO - 24/10/11 15:44:16 INFO StandaloneSchedulerBackend: Shutting down all executors
[2024-10-11T15:44:16.515+0000] {spark_submit.py:579} INFO - 24/10/11 15:44:16 INFO StandaloneSchedulerBackend$StandaloneDriverEndpoint: Asking each executor to shut down
[2024-10-11T15:44:16.537+0000] {spark_submit.py:579} INFO - 24/10/11 15:44:16 INFO MapOutputTrackerMasterEndpoint: MapOutputTrackerMasterEndpoint stopped!
[2024-10-11T15:44:16.556+0000] {spark_submit.py:579} INFO - 24/10/11 15:44:16 INFO MemoryStore: MemoryStore cleared
[2024-10-11T15:44:16.557+0000] {spark_submit.py:579} INFO - 24/10/11 15:44:16 INFO BlockManager: BlockManager stopped
[2024-10-11T15:44:16.569+0000] {spark_submit.py:579} INFO - 24/10/11 15:44:16 INFO BlockManagerMaster: BlockManagerMaster stopped
[2024-10-11T15:44:16.573+0000] {spark_submit.py:579} INFO - 24/10/11 15:44:16 INFO OutputCommitCoordinator$OutputCommitCoordinatorEndpoint: OutputCommitCoordinator stopped!
[2024-10-11T15:44:16.587+0000] {spark_submit.py:579} INFO - 24/10/11 15:44:16 INFO SparkContext: Successfully stopped SparkContext
[2024-10-11T15:44:16.937+0000] {spark_submit.py:579} INFO - 2024-10-11 15:44:16,936 INFO: Closing down clientserver connection
[2024-10-11T15:44:17.452+0000] {spark_submit.py:579} INFO - 24/10/11 15:44:17 INFO ShutdownHookManager: Shutdown hook called
[2024-10-11T15:44:17.453+0000] {spark_submit.py:579} INFO - 24/10/11 15:44:17 INFO ShutdownHookManager: Deleting directory /tmp/spark-c2bc9213-98cc-4407-abb5-89acacb48e0a
[2024-10-11T15:44:17.458+0000] {spark_submit.py:579} INFO - 24/10/11 15:44:17 INFO ShutdownHookManager: Deleting directory /tmp/spark-d0660e36-5e7c-4616-84ea-b3d834326ddd/pyspark-cd81af61-a666-4343-b7cc-a28498e402fa
[2024-10-11T15:44:17.462+0000] {spark_submit.py:579} INFO - 24/10/11 15:44:17 INFO ShutdownHookManager: Deleting directory /tmp/spark-d0660e36-5e7c-4616-84ea-b3d834326ddd
[2024-10-11T15:44:17.509+0000] {taskinstance.py:1935} ERROR - Task failed with exception
Traceback (most recent call last):
  File "/home/airflow/.local/lib/python3.11/site-packages/airflow/providers/apache/spark/operators/spark_submit.py", line 174, in execute
    self._hook.submit(self.application)
  File "/home/airflow/.local/lib/python3.11/site-packages/airflow/providers/apache/spark/hooks/spark_submit.py", line 505, in submit
    raise AirflowException(
airflow.exceptions.AirflowException: Cannot execute: spark-submit --master spark://spark-master:7077 --conf spark.sql.extensions=io.delta.sql.DeltaSparkSessionExtension --conf spark.sql.catalog.spark_catalog=org.apache.spark.sql.delta.catalog.DeltaCatalog --jars /opt/***/jars/hadoop-aws-3.3.4.jar,/opt/***/jars/s3-2.18.41.jar,/opt/***/jars/aws-java-sdk-1.12.367.jar,/opt/***/jars/delta-core_2.12-2.4.0.jar,/opt/***/jars/delta-storage-2.2.0.jar, --packages org.apache.hadoop:hadoop-aws:3.3.4 --num-executors 2 --total-executor-cores 2 --executor-cores 2 --executor-memory 2g --driver-memory 1g --name arrow-spark --deploy-mode client /opt/***/jobs/python/test_movies.py s3a://lakehouse/bronze/movies.parquet s3a://lakehouse/silver. Error code is: 1.
[2024-10-11T15:44:17.513+0000] {taskinstance.py:1398} INFO - Marking task as UP_FOR_RETRY. dag_id=spark_processing_dag1111, task_id=silver_cleaned_movies, execution_date=20241011T154405, start_date=20241011T154406, end_date=20241011T154417
[2024-10-11T15:44:17.525+0000] {standard_task_runner.py:104} ERROR - Failed to execute job 55 for task silver_cleaned_movies (Cannot execute: spark-submit --master spark://spark-master:7077 --conf spark.sql.extensions=io.delta.sql.DeltaSparkSessionExtension --conf spark.sql.catalog.spark_catalog=org.apache.spark.sql.delta.catalog.DeltaCatalog --jars /opt/***/jars/hadoop-aws-3.3.4.jar,/opt/***/jars/s3-2.18.41.jar,/opt/***/jars/aws-java-sdk-1.12.367.jar,/opt/***/jars/delta-core_2.12-2.4.0.jar,/opt/***/jars/delta-storage-2.2.0.jar, --packages org.apache.hadoop:hadoop-aws:3.3.4 --num-executors 2 --total-executor-cores 2 --executor-cores 2 --executor-memory 2g --driver-memory 1g --name arrow-spark --deploy-mode client /opt/***/jobs/python/test_movies.py s3a://lakehouse/bronze/movies.parquet s3a://lakehouse/silver. Error code is: 1.; 10623)
[2024-10-11T15:44:17.539+0000] {local_task_job_runner.py:228} INFO - Task exited with return code 1
[2024-10-11T15:44:17.554+0000] {taskinstance.py:2776} INFO - 0 downstream tasks scheduled from follow-on schedule check
